mode: set
github.com/casapps/caspbx/src/config/bool.go:28.44,30.27 2 1
github.com/casapps/caspbx/src/config/bool.go:30.27,32.3 1 1
github.com/casapps/caspbx/src/config/bool.go:33.2,33.54 1 1
github.com/casapps/caspbx/src/config/bool.go:33.54,35.3 1 1
github.com/casapps/caspbx/src/config/bool.go:36.2,36.53 1 1
github.com/casapps/caspbx/src/config/bool.go:36.53,38.3 1 1
github.com/casapps/caspbx/src/config/bool.go:39.2,39.61 1 1
github.com/casapps/caspbx/src/config/bool.go:42.34,45.2 2 1
github.com/casapps/caspbx/src/config/bool.go:47.33,50.2 2 1
github.com/casapps/caspbx/src/config/config.go:125.29,205.2 1 1
github.com/casapps/caspbx/src/config/config.go:207.48,211.38 3 1
github.com/casapps/caspbx/src/config/config.go:211.38,214.3 2 1
github.com/casapps/caspbx/src/config/config.go:216.2,216.68 1 1
github.com/casapps/caspbx/src/config/config.go:216.68,219.3 2 1
github.com/casapps/caspbx/src/config/config.go:221.2,222.34 2 1
github.com/casapps/caspbx/src/config/config.go:222.34,225.3 2 1
github.com/casapps/caspbx/src/config/config.go:225.8,227.3 1 1
github.com/casapps/caspbx/src/config/config.go:229.2,230.65 2 1
github.com/casapps/caspbx/src/config/config.go:230.65,233.3 2 1
github.com/casapps/caspbx/src/config/config.go:233.8,235.3 1 1
github.com/casapps/caspbx/src/config/config.go:237.2,237.53 1 1
github.com/casapps/caspbx/src/config/config.go:237.53,240.3 2 1
github.com/casapps/caspbx/src/config/config.go:241.2,241.51 1 1
github.com/casapps/caspbx/src/config/config.go:241.51,244.3 2 1
github.com/casapps/caspbx/src/config/config.go:245.2,245.52 1 1
github.com/casapps/caspbx/src/config/config.go:245.52,248.3 2 1
github.com/casapps/caspbx/src/config/config.go:249.2,249.51 1 1
github.com/casapps/caspbx/src/config/config.go:249.51,252.3 2 1
github.com/casapps/caspbx/src/config/config.go:254.2,254.90 1 1
github.com/casapps/caspbx/src/config/config.go:254.90,257.3 2 1
github.com/casapps/caspbx/src/config/config.go:258.2,258.52 1 1
github.com/casapps/caspbx/src/config/config.go:258.52,261.3 2 1
github.com/casapps/caspbx/src/config/config.go:263.2,263.55 1 1
github.com/casapps/caspbx/src/config/config.go:263.55,266.3 2 1
github.com/casapps/caspbx/src/config/config.go:267.2,267.55 1 1
github.com/casapps/caspbx/src/config/config.go:267.55,270.3 2 1
github.com/casapps/caspbx/src/config/config.go:271.2,271.60 1 1
github.com/casapps/caspbx/src/config/config.go:271.60,274.3 2 1
github.com/casapps/caspbx/src/config/config.go:275.2,275.54 1 1
github.com/casapps/caspbx/src/config/config.go:275.54,278.3 2 1
github.com/casapps/caspbx/src/config/config.go:279.2,279.54 1 1
github.com/casapps/caspbx/src/config/config.go:279.54,282.3 2 1
github.com/casapps/caspbx/src/config/config.go:283.2,283.59 1 1
github.com/casapps/caspbx/src/config/config.go:283.59,286.3 2 1
github.com/casapps/caspbx/src/config/config.go:287.2,287.144 1 1
github.com/casapps/caspbx/src/config/config.go:287.144,290.3 2 1
github.com/casapps/caspbx/src/config/config.go:291.2,291.150 1 1
github.com/casapps/caspbx/src/config/config.go:291.150,294.3 2 1
github.com/casapps/caspbx/src/config/config.go:296.2,296.47 1 1
github.com/casapps/caspbx/src/config/config.go:296.47,299.3 2 1
github.com/casapps/caspbx/src/config/config.go:300.2,300.49 1 1
github.com/casapps/caspbx/src/config/config.go:300.49,303.3 2 1
github.com/casapps/caspbx/src/config/config.go:305.2,305.51 1 1
github.com/casapps/caspbx/src/config/config.go:305.51,308.3 2 1
github.com/casapps/caspbx/src/config/config.go:309.2,309.49 1 1
github.com/casapps/caspbx/src/config/config.go:309.49,312.3 2 1
github.com/casapps/caspbx/src/config/config.go:314.2,314.42 1 1
github.com/casapps/caspbx/src/config/config.go:315.110,315.110 0 1
github.com/casapps/caspbx/src/config/config.go:316.10,318.77 2 1
github.com/casapps/caspbx/src/config/config.go:321.2,321.70 1 1
github.com/casapps/caspbx/src/config/config.go:321.70,324.3 2 1
github.com/casapps/caspbx/src/config/config.go:325.2,325.138 1 1
github.com/casapps/caspbx/src/config/config.go:325.138,328.3 2 1
github.com/casapps/caspbx/src/config/config.go:329.2,329.66 1 1
github.com/casapps/caspbx/src/config/config.go:329.66,332.3 2 1
github.com/casapps/caspbx/src/config/config.go:333.2,333.65 1 1
github.com/casapps/caspbx/src/config/config.go:333.65,336.3 2 1
github.com/casapps/caspbx/src/config/config.go:338.2,338.50 1 1
github.com/casapps/caspbx/src/config/config.go:338.50,341.3 2 1
github.com/casapps/caspbx/src/config/config.go:342.2,342.53 1 1
github.com/casapps/caspbx/src/config/config.go:342.53,344.3 1 1
github.com/casapps/caspbx/src/config/config.go:345.2,345.52 1 1
github.com/casapps/caspbx/src/config/config.go:345.52,347.3 1 1
github.com/casapps/caspbx/src/config/config.go:349.2,349.17 1 1
github.com/casapps/caspbx/src/config/config.go:352.46,358.2 5 1
github.com/casapps/caspbx/src/config/config.go:360.27,362.24 2 1
github.com/casapps/caspbx/src/config/config.go:362.24,364.3 1 1
github.com/casapps/caspbx/src/config/config.go:365.2,365.42 1 1
github.com/casapps/caspbx/src/config/config.go:368.43,377.2 1 1
github.com/casapps/caspbx/src/config/mode.go:15.40,16.17 1 1
github.com/casapps/caspbx/src/config/mode.go:17.26,18.23 1 1
github.com/casapps/caspbx/src/config/mode.go:19.10,20.22 1 1
github.com/casapps/caspbx/src/config/mode.go:24.50,25.51 1 1
github.com/casapps/caspbx/src/config/mode.go:26.32,27.32 1 1
github.com/casapps/caspbx/src/config/mode.go:28.28,29.33 1 1
github.com/casapps/caspbx/src/config/mode.go:30.10,31.69 1 1
github.com/casapps/caspbx/src/config/mode.go:35.88,36.16 1 1
github.com/casapps/caspbx/src/config/mode.go:36.16,38.24 2 1
github.com/casapps/caspbx/src/config/mode.go:38.24,40.4 1 1
github.com/casapps/caspbx/src/config/mode.go:41.3,41.27 1 1
github.com/casapps/caspbx/src/config/mode.go:44.2,44.24 1 1
github.com/casapps/caspbx/src/config/mode.go:44.24,46.24 2 1
github.com/casapps/caspbx/src/config/mode.go:46.24,48.4 1 1
github.com/casapps/caspbx/src/config/mode.go:51.2,51.26 1 1
github.com/casapps/caspbx/src/config/mode.go:54.91,55.17 1 1
github.com/casapps/caspbx/src/config/mode.go:55.17,57.3 1 1
github.com/casapps/caspbx/src/config/mode.go:58.2,58.32 1 1
github.com/casapps/caspbx/src/config/mode.go:61.68,62.18 1 1
github.com/casapps/caspbx/src/config/mode.go:62.18,64.3 1 1
github.com/casapps/caspbx/src/config/mode.go:65.2,65.25 1 1
github.com/casapps/caspbx/src/config/path.go:18.41,19.17 1 1
github.com/casapps/caspbx/src/config/path.go:19.17,21.3 1 1
github.com/casapps/caspbx/src/config/path.go:23.2,26.41 3 1
github.com/casapps/caspbx/src/config/path.go:26.41,28.3 1 1
github.com/casapps/caspbx/src/config/path.go:30.2,30.20 1 1
github.com/casapps/caspbx/src/config/path.go:33.48,34.19 1 1
github.com/casapps/caspbx/src/config/path.go:34.19,36.3 1 1
github.com/casapps/caspbx/src/config/path.go:37.2,37.23 1 1
github.com/casapps/caspbx/src/config/path.go:37.23,39.3 1 1
github.com/casapps/caspbx/src/config/path.go:40.2,40.39 1 1
github.com/casapps/caspbx/src/config/path.go:40.39,42.3 1 1
github.com/casapps/caspbx/src/config/path.go:43.2,43.51 1 1
github.com/casapps/caspbx/src/config/path.go:43.51,45.3 1 1
github.com/casapps/caspbx/src/config/path.go:46.2,46.12 1 1
github.com/casapps/caspbx/src/config/path.go:49.39,50.23 1 1
github.com/casapps/caspbx/src/config/path.go:50.23,52.3 1 1
github.com/casapps/caspbx/src/config/path.go:53.2,53.35 1 1
github.com/casapps/caspbx/src/config/path.go:53.35,55.3 1 1
github.com/casapps/caspbx/src/config/path.go:57.2,58.35 2 1
github.com/casapps/caspbx/src/config/path.go:58.35,59.20 1 1
github.com/casapps/caspbx/src/config/path.go:59.20,60.12 1 1
github.com/casapps/caspbx/src/config/path.go:62.3,62.78 1 1
github.com/casapps/caspbx/src/config/path.go:62.78,64.4 1 1
github.com/casapps/caspbx/src/config/path.go:67.2,67.12 1 1
github.com/casapps/caspbx/src/config/path.go:70.45,71.68 1 1
github.com/casapps/caspbx/src/config/path.go:71.68,73.3 1 1
github.com/casapps/caspbx/src/config/path.go:74.2,74.34 1 1
github.com/casapps/caspbx/src/config/path.go:77.53,78.71 1 1
github.com/casapps/caspbx/src/config/path.go:78.71,80.3 1 1
github.com/casapps/caspbx/src/config/path.go:81.2,81.35 1 1
github.com/casapps/caspbx/src/config/path.go:81.35,83.3 1 1
github.com/casapps/caspbx/src/config/path.go:85.2,87.35 3 1
github.com/casapps/caspbx/src/config/path.go:87.35,88.78 1 1
github.com/casapps/caspbx/src/config/path.go:88.78,90.4 1 1
github.com/casapps/caspbx/src/config/path.go:93.2,93.25 1 1
github.com/casapps/caspbx/src/config/runtime_paths.go:27.76,28.25 1 1
github.com/casapps/caspbx/src/config/runtime_paths.go:28.25,43.3 1 1
github.com/casapps/caspbx/src/config/runtime_paths.go:45.2,45.22 1 1
github.com/casapps/caspbx/src/config/runtime_paths.go:46.15,47.43 1 1
github.com/casapps/caspbx/src/config/runtime_paths.go:48.16,49.44 1 1
github.com/casapps/caspbx/src/config/runtime_paths.go:50.51,51.41 1 1
github.com/casapps/caspbx/src/config/runtime_paths.go:52.17,53.45 1 1
github.com/casapps/caspbx/src/config/runtime_paths.go:54.10,55.85 1 1
github.com/casapps/caspbx/src/config/runtime_paths.go:59.81,60.26 1 1
github.com/casapps/caspbx/src/config/runtime_paths.go:60.26,75.3 1 1
github.com/casapps/caspbx/src/config/runtime_paths.go:77.2,77.27 1 1
github.com/casapps/caspbx/src/config/runtime_paths.go:77.27,79.3 1 1
github.com/casapps/caspbx/src/config/runtime_paths.go:81.2,94.8 1 1
github.com/casapps/caspbx/src/config/runtime_paths.go:97.82,98.26 1 1
github.com/casapps/caspbx/src/config/runtime_paths.go:98.26,113.3 1 1
github.com/casapps/caspbx/src/config/runtime_paths.go:115.2,115.27 1 1
github.com/casapps/caspbx/src/config/runtime_paths.go:115.27,117.3 1 1
github.com/casapps/caspbx/src/config/runtime_paths.go:119.2,132.8 1 1
github.com/casapps/caspbx/src/config/runtime_paths.go:135.79,136.26 1 1
github.com/casapps/caspbx/src/config/runtime_paths.go:136.26,151.3 1 1
github.com/casapps/caspbx/src/config/runtime_paths.go:153.2,153.27 1 1
github.com/casapps/caspbx/src/config/runtime_paths.go:153.27,155.3 1 1
github.com/casapps/caspbx/src/config/runtime_paths.go:157.2,170.8 1 1
github.com/casapps/caspbx/src/config/runtime_paths.go:173.83,174.26 1 1
github.com/casapps/caspbx/src/config/runtime_paths.go:174.26,189.3 1 1
github.com/casapps/caspbx/src/config/runtime_paths.go:191.2,191.27 1 1
github.com/casapps/caspbx/src/config/runtime_paths.go:191.27,193.3 1 1
github.com/casapps/caspbx/src/config/runtime_paths.go:195.2,208.8 1 1
github.com/casapps/caspbx/src/server/store/memory.go:37.36,61.2 1 1
github.com/casapps/caspbx/src/server/store/memory.go:63.100,68.2 4 1
github.com/casapps/caspbx/src/server/store/memory.go:70.95,75.2 4 1
github.com/casapps/caspbx/src/server/store/memory.go:77.102,82.19 4 1
github.com/casapps/caspbx/src/server/store/memory.go:82.19,85.3 2 1
github.com/casapps/caspbx/src/server/store/memory.go:86.2,88.19 3 1
github.com/casapps/caspbx/src/server/store/memory.go:91.110,96.12 4 1
github.com/casapps/caspbx/src/server/store/memory.go:96.12,98.3 1 1
github.com/casapps/caspbx/src/server/store/memory.go:99.2,99.45 1 1
github.com/casapps/caspbx/src/server/store/memory.go:102.97,107.12 4 1
github.com/casapps/caspbx/src/server/store/memory.go:107.12,109.3 1 1
github.com/casapps/caspbx/src/server/store/memory.go:110.2,110.19 1 1
github.com/casapps/caspbx/src/server/store/memory.go:113.98,119.18 5 1
github.com/casapps/caspbx/src/server/store/memory.go:119.18,122.3 2 1
github.com/casapps/caspbx/src/server/store/memory.go:123.2,126.29 4 1
github.com/casapps/caspbx/src/server/store/memory.go:126.29,128.3 1 1
github.com/casapps/caspbx/src/server/store/memory.go:129.2,129.18 1 1
github.com/casapps/caspbx/src/server/store/memory.go:132.108,137.12 4 1
github.com/casapps/caspbx/src/server/store/memory.go:137.12,139.3 1 1
github.com/casapps/caspbx/src/server/store/memory.go:140.2,140.43 1 1
github.com/casapps/caspbx/src/server/store/memory.go:143.102,148.12 4 1
github.com/casapps/caspbx/src/server/store/memory.go:148.12,150.3 1 1
github.com/casapps/caspbx/src/server/store/memory.go:151.2,151.43 1 1
github.com/casapps/caspbx/src/server/store/memory.go:154.95,159.12 4 1
github.com/casapps/caspbx/src/server/store/memory.go:159.12,161.3 1 1
github.com/casapps/caspbx/src/server/store/memory.go:162.2,162.18 1 1
github.com/casapps/caspbx/src/server/store/memory.go:165.110,169.22 3 1
github.com/casapps/caspbx/src/server/store/memory.go:170.30,171.57 1 1
github.com/casapps/caspbx/src/server/store/memory.go:172.29,173.56 1 1
github.com/casapps/caspbx/src/server/store/memory.go:174.10,175.38 1 1
github.com/casapps/caspbx/src/server/store/memory.go:177.2,177.21 1 1
github.com/casapps/caspbx/src/server/store/memory.go:180.140,184.14 3 1
github.com/casapps/caspbx/src/server/store/memory.go:185.30,187.13 2 1
github.com/casapps/caspbx/src/server/store/memory.go:187.13,189.4 1 1
github.com/casapps/caspbx/src/server/store/memory.go:190.3,190.22 1 1
github.com/casapps/caspbx/src/server/store/memory.go:191.29,193.13 2 1
github.com/casapps/caspbx/src/server/store/memory.go:193.13,195.4 1 1
github.com/casapps/caspbx/src/server/store/memory.go:196.3,196.22 1 1
github.com/casapps/caspbx/src/server/store/memory.go:197.10,198.38 1 1
github.com/casapps/caspbx/src/server/store/memory.go:202.125,206.14 3 1
github.com/casapps/caspbx/src/server/store/memory.go:207.30,208.63 1 1
github.com/casapps/caspbx/src/server/store/memory.go:208.63,210.4 1 1
github.com/casapps/caspbx/src/server/store/memory.go:211.3,211.47 1 1
github.com/casapps/caspbx/src/server/store/memory.go:212.29,213.62 1 1
github.com/casapps/caspbx/src/server/store/memory.go:213.62,215.4 1 1
github.com/casapps/caspbx/src/server/store/memory.go:216.3,216.46 1 1
github.com/casapps/caspbx/src/server/store/memory.go:217.10,218.21 1 1
github.com/casapps/caspbx/src/server/store/memory.go:221.2,221.12 1 1
github.com/casapps/caspbx/src/server/store/memory.go:224.130,230.18 5 1
github.com/casapps/caspbx/src/server/store/memory.go:230.18,232.3 1 1
github.com/casapps/caspbx/src/server/store/memory.go:233.2,233.26 1 1
github.com/casapps/caspbx/src/server/store/memory.go:233.26,236.38 3 1
github.com/casapps/caspbx/src/server/store/memory.go:236.38,238.4 1 1
github.com/casapps/caspbx/src/server/store/memory.go:240.2,244.26 5 1
github.com/casapps/caspbx/src/server/store/memory.go:247.116,252.12 4 1
github.com/casapps/caspbx/src/server/store/memory.go:252.12,254.3 1 1
github.com/casapps/caspbx/src/server/store/memory.go:255.2,255.41 1 1
github.com/casapps/caspbx/src/server/store/memory.go:258.111,263.12 4 1
github.com/casapps/caspbx/src/server/store/memory.go:263.12,265.3 1 1
github.com/casapps/caspbx/src/server/store/memory.go:266.2,266.26 1 1
github.com/casapps/caspbx/src/server/store/memory.go:269.162,274.18 4 1
github.com/casapps/caspbx/src/server/store/memory.go:274.18,276.3 1 1
github.com/casapps/caspbx/src/server/store/memory.go:277.2,277.36 1 1
github.com/casapps/caspbx/src/server/store/memory.go:277.36,279.3 1 1
github.com/casapps/caspbx/src/server/store/memory.go:280.2,282.25 3 1
github.com/casapps/caspbx/src/server/store/memory.go:285.139,290.12 4 1
github.com/casapps/caspbx/src/server/store/memory.go:290.12,292.3 1 1
github.com/casapps/caspbx/src/server/store/memory.go:293.2,293.25 1 1
github.com/casapps/caspbx/src/server/store/memory.go:296.142,300.20 3 1
github.com/casapps/caspbx/src/server/store/memory.go:300.20,303.3 2 1
github.com/casapps/caspbx/src/server/store/memory.go:304.2,304.31 1 1
github.com/casapps/caspbx/src/server/store/memory.go:304.31,306.3 1 1
github.com/casapps/caspbx/src/server/store/memory.go:307.2,308.20 2 1
github.com/casapps/caspbx/src/server/store/memory.go:311.119,316.12 4 1
github.com/casapps/caspbx/src/server/store/memory.go:316.12,318.3 1 1
github.com/casapps/caspbx/src/server/store/memory.go:319.2,319.20 1 1
github.com/casapps/caspbx/src/server/store/memory.go:322.144,326.52 3 1
github.com/casapps/caspbx/src/server/store/memory.go:326.52,327.55 1 1
github.com/casapps/caspbx/src/server/store/memory.go:327.55,329.4 1 1
github.com/casapps/caspbx/src/server/store/memory.go:331.2,331.48 1 1
github.com/casapps/caspbx/src/server/store/memory.go:334.125,339.52 4 1
github.com/casapps/caspbx/src/server/store/memory.go:339.52,340.28 1 1
github.com/casapps/caspbx/src/server/store/memory.go:340.28,342.4 1 1
github.com/casapps/caspbx/src/server/store/memory.go:344.2,344.21 1 1
github.com/casapps/caspbx/src/server/store/memory.go:347.102,351.19 3 1
github.com/casapps/caspbx/src/server/store/memory.go:351.19,354.3 2 1
github.com/casapps/caspbx/src/server/store/memory.go:356.2,356.25 1 1
github.com/casapps/caspbx/src/server/store/memory.go:357.29,358.51 1 1
github.com/casapps/caspbx/src/server/store/memory.go:359.28,360.50 1 1
github.com/casapps/caspbx/src/server/store/memory.go:361.27,362.49 1 1
github.com/casapps/caspbx/src/server/store/memory.go:363.10,364.36 1 1
github.com/casapps/caspbx/src/server/store/memory.go:367.2,367.19 1 1
github.com/casapps/caspbx/src/server/store/memory.go:370.139,374.19 3 1
github.com/casapps/caspbx/src/server/store/memory.go:375.29,377.13 2 1
github.com/casapps/caspbx/src/server/store/memory.go:377.13,379.4 1 1
github.com/casapps/caspbx/src/server/store/memory.go:380.3,380.20 1 1
github.com/casapps/caspbx/src/server/store/memory.go:381.28,383.13 2 1
github.com/casapps/caspbx/src/server/store/memory.go:383.13,385.4 1 1
github.com/casapps/caspbx/src/server/store/memory.go:386.3,386.20 1 1
github.com/casapps/caspbx/src/server/store/memory.go:387.27,389.13 2 1
github.com/casapps/caspbx/src/server/store/memory.go:389.13,391.4 1 1
github.com/casapps/caspbx/src/server/store/memory.go:392.3,392.20 1 1
github.com/casapps/caspbx/src/server/store/memory.go:393.10,394.36 1 1
github.com/casapps/caspbx/src/server/store/memory.go:398.126,402.19 3 1
github.com/casapps/caspbx/src/server/store/memory.go:403.29,404.61 1 1
github.com/casapps/caspbx/src/server/store/memory.go:404.61,406.4 1 1
github.com/casapps/caspbx/src/server/store/memory.go:407.3,407.45 1 1
github.com/casapps/caspbx/src/server/store/memory.go:408.28,409.60 1 1
github.com/casapps/caspbx/src/server/store/memory.go:409.60,411.4 1 1
github.com/casapps/caspbx/src/server/store/memory.go:412.3,412.44 1 1
github.com/casapps/caspbx/src/server/store/memory.go:413.27,414.59 1 1
github.com/casapps/caspbx/src/server/store/memory.go:414.59,416.4 1 1
github.com/casapps/caspbx/src/server/store/memory.go:417.3,417.43 1 1
github.com/casapps/caspbx/src/server/store/memory.go:418.10,419.21 1 1
github.com/casapps/caspbx/src/server/store/memory.go:422.2,422.12 1 1
github.com/casapps/caspbx/src/server/model/domain.go:70.51,92.2 1 1
github.com/casapps/caspbx/src/server/model/domain.go:94.47,96.2 1 1
github.com/casapps/caspbx/src/server/model/domain.go:98.76,100.18 2 1
github.com/casapps/caspbx/src/server/model/domain.go:100.18,102.3 1 1
github.com/casapps/caspbx/src/server/model/domain.go:103.2,103.103 1 1
github.com/casapps/caspbx/src/server/model/domain.go:103.103,105.3 1 1
github.com/casapps/caspbx/src/server/model/domain.go:107.2,110.46 3 1
github.com/casapps/caspbx/src/server/model/domain.go:110.46,112.3 1 1
github.com/casapps/caspbx/src/server/model/domain.go:114.2,115.21 2 1
github.com/casapps/caspbx/src/server/model/domain.go:115.21,117.3 1 1
github.com/casapps/caspbx/src/server/model/domain.go:119.2,120.38 2 1
github.com/casapps/caspbx/src/server/model/domain.go:120.38,122.3 1 1
github.com/casapps/caspbx/src/server/model/domain.go:123.2,123.59 1 1
github.com/casapps/caspbx/src/server/model/domain.go:123.59,125.3 1 1
github.com/casapps/caspbx/src/server/model/domain.go:127.2,127.54 1 1
github.com/casapps/caspbx/src/server/model/domain.go:127.54,128.52 1 1
github.com/casapps/caspbx/src/server/model/domain.go:128.52,130.4 1 1
github.com/casapps/caspbx/src/server/model/domain.go:133.2,133.61 1 1
github.com/casapps/caspbx/src/server/model/domain.go:133.61,134.71 1 1
github.com/casapps/caspbx/src/server/model/domain.go:134.71,136.4 1 1
github.com/casapps/caspbx/src/server/model/domain.go:139.2,139.31 1 1
github.com/casapps/caspbx/src/server/model/domain.go:139.31,140.45 1 1
github.com/casapps/caspbx/src/server/model/domain.go:140.45,142.4 1 1
github.com/casapps/caspbx/src/server/model/domain.go:145.2,146.68 2 1
github.com/casapps/caspbx/src/server/model/domain.go:146.68,148.3 1 1
github.com/casapps/caspbx/src/server/model/domain.go:150.2,150.12 1 1
github.com/casapps/caspbx/src/server/model/domain.go:153.102,154.30 1 1
github.com/casapps/caspbx/src/server/model/domain.go:154.30,156.3 1 1
github.com/casapps/caspbx/src/server/model/domain.go:157.2,157.23 1 1
github.com/casapps/caspbx/src/server/model/domain.go:157.23,159.3 1 1
github.com/casapps/caspbx/src/server/model/domain.go:160.2,160.22 1 1
github.com/casapps/caspbx/src/server/model/domain.go:160.22,162.3 1 1
github.com/casapps/caspbx/src/server/model/domain.go:163.2,163.19 1 1
github.com/casapps/caspbx/src/server/model/domain.go:163.19,165.3 1 1
github.com/casapps/caspbx/src/server/model/domain.go:166.2,166.26 1 1
github.com/casapps/caspbx/src/server/model/domain.go:169.44,171.2 1 1
github.com/casapps/caspbx/src/server/model/domain.go:173.71,174.45 1 1
github.com/casapps/caspbx/src/server/model/domain.go:174.45,176.3 1 1
github.com/casapps/caspbx/src/server/model/domain.go:177.2,177.33 1 1
github.com/casapps/caspbx/src/server/model/namespace.go:20.47,22.2 1 1
github.com/casapps/caspbx/src/server/model/namespace.go:24.40,26.45 2 1
github.com/casapps/caspbx/src/server/model/namespace.go:26.45,27.37 1 1
github.com/casapps/caspbx/src/server/model/namespace.go:27.37,29.4 1 1
github.com/casapps/caspbx/src/server/model/namespace.go:31.2,31.14 1 1
github.com/casapps/caspbx/src/server/model/org.go:67.63,77.2 1 1
github.com/casapps/caspbx/src/server/model/org.go:79.82,81.35 2 1
github.com/casapps/caspbx/src/server/model/org.go:81.35,83.3 1 1
github.com/casapps/caspbx/src/server/model/org.go:84.2,84.37 1 1
github.com/casapps/caspbx/src/server/model/org.go:84.37,86.3 1 1
github.com/casapps/caspbx/src/server/model/org.go:87.2,87.39 1 1
github.com/casapps/caspbx/src/server/model/org.go:87.39,89.3 1 1
github.com/casapps/caspbx/src/server/model/org.go:90.2,90.34 1 1
github.com/casapps/caspbx/src/server/model/org.go:90.34,92.3 1 1
github.com/casapps/caspbx/src/server/model/org.go:93.2,93.26 1 1
github.com/casapps/caspbx/src/server/model/org.go:93.26,95.3 1 1
github.com/casapps/caspbx/src/server/model/org.go:96.2,96.32 1 1
github.com/casapps/caspbx/src/server/model/org.go:96.32,98.3 1 1
github.com/casapps/caspbx/src/server/model/org.go:99.2,99.12 1 1
github.com/casapps/caspbx/src/server/model/org.go:102.117,109.9 2 1
github.com/casapps/caspbx/src/server/model/org.go:110.47,113.39 3 1
github.com/casapps/caspbx/src/server/model/org.go:114.26,117.41 3 1
github.com/casapps/caspbx/src/server/model/org.go:118.10,119.39 1 1
github.com/casapps/caspbx/src/server/model/org.go:122.2,122.16 1 1
github.com/casapps/caspbx/src/server/model/org.go:125.63,127.2 1 1
github.com/casapps/caspbx/src/server/model/session.go:25.54,27.2 1 1
github.com/casapps/caspbx/src/server/model/token.go:31.50,33.2 1 1
github.com/casapps/caspbx/src/server/model/user.go:110.49,112.2 1 1
github.com/casapps/caspbx/src/server/model/user.go:114.68,115.51 1 1
github.com/casapps/caspbx/src/server/model/user.go:116.16,117.37 1 1
github.com/casapps/caspbx/src/server/model/user.go:118.17,119.38 1 1
github.com/casapps/caspbx/src/server/model/user.go:120.18,121.39 1 1
github.com/casapps/caspbx/src/server/model/user.go:122.10,123.63 1 1
github.com/casapps/caspbx/src/server/model/user.go:127.56,128.9 1 1
github.com/casapps/caspbx/src/server/model/user.go:129.59,130.30 1 1
github.com/casapps/caspbx/src/server/model/user.go:131.36,132.29 1 1
github.com/casapps/caspbx/src/server/model/user.go:133.10,134.32 1 1
github.com/casapps/caspbx/src/server/model/user.go:138.43,140.20 2 1
github.com/casapps/caspbx/src/server/model/user.go:140.20,142.3 1 1
github.com/casapps/caspbx/src/server/model/user.go:143.2,143.43 1 1
github.com/casapps/caspbx/src/server/model/user.go:143.43,145.3 1 1
github.com/casapps/caspbx/src/server/model/user.go:146.2,146.23 1 1
github.com/casapps/caspbx/src/server/model/user.go:146.23,148.3 1 1
github.com/casapps/caspbx/src/server/model/user.go:149.2,149.24 1 1
github.com/casapps/caspbx/src/server/model/user.go:149.24,151.3 1 1
github.com/casapps/caspbx/src/server/model/user.go:152.2,152.44 1 1
github.com/casapps/caspbx/src/server/model/user.go:152.44,154.3 1 1
github.com/casapps/caspbx/src/server/model/user.go:155.2,155.146 1 1
github.com/casapps/caspbx/src/server/model/user.go:155.146,157.3 1 1
github.com/casapps/caspbx/src/server/model/user.go:158.2,158.30 1 1
github.com/casapps/caspbx/src/server/model/user.go:158.30,160.3 1 1
github.com/casapps/caspbx/src/server/model/user.go:161.2,161.56 1 1
github.com/casapps/caspbx/src/server/model/user.go:161.56,163.3 1 1
github.com/casapps/caspbx/src/server/model/user.go:164.2,164.63 1 1
github.com/casapps/caspbx/src/server/model/user.go:164.63,165.52 1 1
github.com/casapps/caspbx/src/server/model/user.go:165.52,167.4 1 1
github.com/casapps/caspbx/src/server/model/user.go:169.2,169.12 1 1
github.com/casapps/caspbx/src/server/model/user.go:172.42,174.2 1 1
github.com/casapps/caspbx/src/server/model/user.go:176.40,178.22 2 1
github.com/casapps/caspbx/src/server/model/user.go:178.22,180.3 1 1
github.com/casapps/caspbx/src/server/model/user.go:182.2,183.21 2 1
github.com/casapps/caspbx/src/server/model/user.go:183.21,185.3 1 1
github.com/casapps/caspbx/src/server/model/user.go:187.2,189.48 3 1
github.com/casapps/caspbx/src/server/model/user.go:189.48,191.3 1 1
github.com/casapps/caspbx/src/server/model/user.go:192.2,192.76 1 1
github.com/casapps/caspbx/src/server/model/user.go:192.76,194.3 1 1
github.com/casapps/caspbx/src/server/model/user.go:195.2,195.39 1 1
github.com/casapps/caspbx/src/server/model/user.go:195.39,197.3 1 1
github.com/casapps/caspbx/src/server/model/user.go:198.2,198.51 1 1
github.com/casapps/caspbx/src/server/model/user.go:198.51,200.3 1 1
github.com/casapps/caspbx/src/server/model/user.go:201.2,201.40 1 1
github.com/casapps/caspbx/src/server/model/user.go:201.40,203.3 1 1
github.com/casapps/caspbx/src/server/model/user.go:204.2,204.47 1 1
github.com/casapps/caspbx/src/server/model/user.go:204.47,206.3 1 1
github.com/casapps/caspbx/src/server/model/user.go:207.2,207.49 1 1
github.com/casapps/caspbx/src/server/model/user.go:207.49,209.3 1 1
github.com/casapps/caspbx/src/server/model/user.go:210.2,210.12 1 1
github.com/casapps/caspbx/src/server/model/user.go:213.37,216.21 3 1
github.com/casapps/caspbx/src/server/model/user.go:216.21,218.3 1 1
github.com/casapps/caspbx/src/server/model/user.go:220.2,223.26 4 1
github.com/casapps/caspbx/src/server/model/user.go:223.26,225.3 1 1
github.com/casapps/caspbx/src/server/model/user.go:227.2,228.24 2 1
github.com/casapps/caspbx/src/server/model/user.go:228.24,230.3 1 1
github.com/casapps/caspbx/src/server/model/user.go:232.2,233.89 2 1
github.com/casapps/caspbx/src/server/model/user.go:236.70,238.2 1 1
github.com/casapps/caspbx/src/server/model/user.go:240.46,242.2 1 1
github.com/casapps/caspbx/src/server/model/user.go:244.58,246.31 2 1
github.com/casapps/caspbx/src/server/model/user.go:246.31,248.3 1 1
github.com/casapps/caspbx/src/server/model/user.go:249.2,249.15 1 1
github.com/casapps/caspbx/src/client/client.go:5.39,7.2 1 1
github.com/casapps/caspbx/src/server/service/auth.go:105.75,106.35 1 1
github.com/casapps/caspbx/src/server/service/auth.go:106.35,107.38 1 1
github.com/casapps/caspbx/src/server/service/auth.go:107.38,109.4 1 1
github.com/casapps/caspbx/src/server/service/auth.go:111.3,111.21 1 1
github.com/casapps/caspbx/src/server/service/auth.go:112.33,113.12 1 1
github.com/casapps/caspbx/src/server/service/auth.go:115.31,116.77 1 1
github.com/casapps/caspbx/src/server/service/auth.go:116.77,118.5 1 1
github.com/casapps/caspbx/src/server/service/auth.go:120.37,121.77 1 1
github.com/casapps/caspbx/src/server/service/auth.go:121.77,123.5 1 1
github.com/casapps/caspbx/src/server/service/auth.go:124.4,124.95 1 1
github.com/casapps/caspbx/src/server/service/auth.go:124.95,126.5 1 1
github.com/casapps/caspbx/src/server/service/auth.go:128.37,129.77 1 1
github.com/casapps/caspbx/src/server/service/auth.go:129.77,131.5 1 1
github.com/casapps/caspbx/src/server/service/auth.go:132.4,132.95 1 1
github.com/casapps/caspbx/src/server/service/auth.go:132.95,134.5 1 1
github.com/casapps/caspbx/src/server/service/auth.go:135.4,135.76 1 1
github.com/casapps/caspbx/src/server/service/auth.go:135.76,137.5 1 1
github.com/casapps/caspbx/src/server/service/auth.go:139.29,140.61 1 1
github.com/casapps/caspbx/src/server/service/auth.go:140.61,142.5 1 1
github.com/casapps/caspbx/src/server/service/auth.go:144.36,145.77 1 1
github.com/casapps/caspbx/src/server/service/auth.go:145.77,147.5 1 1
github.com/casapps/caspbx/src/server/service/auth.go:148.4,148.61 1 1
github.com/casapps/caspbx/src/server/service/auth.go:148.61,150.5 1 1
github.com/casapps/caspbx/src/server/service/auth.go:152.35,153.77 1 1
github.com/casapps/caspbx/src/server/service/auth.go:153.77,155.5 1 1
github.com/casapps/caspbx/src/server/service/auth.go:156.4,156.95 1 1
github.com/casapps/caspbx/src/server/service/auth.go:156.95,158.5 1 1
github.com/casapps/caspbx/src/server/service/auth.go:162.2,162.14 1 1
github.com/casapps/caspbx/src/server/service/auth.go:165.43,171.2 1 1
github.com/casapps/caspbx/src/server/service/auth.go:173.89,174.33 1 1
github.com/casapps/caspbx/src/server/service/auth.go:174.33,176.3 1 1
github.com/casapps/caspbx/src/server/service/auth.go:177.2,177.32 1 1
github.com/casapps/caspbx/src/server/service/auth.go:177.32,179.3 1 1
github.com/casapps/caspbx/src/server/service/auth.go:181.2,186.3 1 1
github.com/casapps/caspbx/src/server/service/auth.go:189.72,192.2 2 1
github.com/casapps/caspbx/src/server/service/auth.go:194.75,197.2 2 1
github.com/casapps/caspbx/src/server/service/auth.go:199.52,200.63 1 1
github.com/casapps/caspbx/src/server/service/auth.go:200.63,202.3 1 1
github.com/casapps/caspbx/src/server/service/auth.go:204.2,205.77 2 1
github.com/casapps/caspbx/src/server/service/auth.go:205.77,207.3 1 1
github.com/casapps/caspbx/src/server/service/auth.go:208.2,208.125 1 1
github.com/casapps/caspbx/src/server/service/auth.go:211.79,212.63 1 1
github.com/casapps/caspbx/src/server/service/auth.go:212.63,214.3 1 1
github.com/casapps/caspbx/src/server/service/auth.go:216.2,216.43 1 1
github.com/casapps/caspbx/src/server/service/auth.go:216.43,218.25 2 1
github.com/casapps/caspbx/src/server/service/auth.go:218.25,220.4 1 1
github.com/casapps/caspbx/src/server/service/auth.go:221.3,221.66 1 1
github.com/casapps/caspbx/src/server/service/auth.go:221.66,223.4 1 1
github.com/casapps/caspbx/src/server/service/auth.go:224.3,224.35 1 1
github.com/casapps/caspbx/src/server/service/auth.go:227.2,228.23 2 1
github.com/casapps/caspbx/src/server/service/auth.go:228.23,230.3 1 1
github.com/casapps/caspbx/src/server/service/auth.go:232.2,233.78 2 1
github.com/casapps/caspbx/src/server/service/auth.go:236.37,239.2 2 1
github.com/casapps/caspbx/src/server/service/auth.go:241.172,243.22 2 1
github.com/casapps/caspbx/src/server/service/auth.go:243.22,245.3 1 1
github.com/casapps/caspbx/src/server/service/auth.go:246.2,247.25 2 1
github.com/casapps/caspbx/src/server/service/auth.go:247.25,249.3 1 1
github.com/casapps/caspbx/src/server/service/auth.go:250.2,251.28 2 1
github.com/casapps/caspbx/src/server/service/auth.go:254.172,256.22 2 1
github.com/casapps/caspbx/src/server/service/auth.go:256.22,258.3 1 1
github.com/casapps/caspbx/src/server/service/auth.go:259.2,260.25 2 1
github.com/casapps/caspbx/src/server/service/auth.go:260.25,262.3 1 1
github.com/casapps/caspbx/src/server/service/auth.go:263.2,264.27 2 1
github.com/casapps/caspbx/src/server/service/auth.go:267.138,269.22 2 1
github.com/casapps/caspbx/src/server/service/auth.go:269.22,271.3 1 1
github.com/casapps/caspbx/src/server/service/auth.go:272.2,273.23 2 1
github.com/casapps/caspbx/src/server/service/auth.go:273.23,275.3 1 1
github.com/casapps/caspbx/src/server/service/auth.go:276.2,277.26 2 1
github.com/casapps/caspbx/src/server/service/auth.go:280.138,282.22 2 1
github.com/casapps/caspbx/src/server/service/auth.go:282.22,284.3 1 1
github.com/casapps/caspbx/src/server/service/auth.go:285.2,286.23 2 1
github.com/casapps/caspbx/src/server/service/auth.go:286.23,288.3 1 1
github.com/casapps/caspbx/src/server/service/auth.go:289.2,290.25 2 1
github.com/casapps/caspbx/src/server/service/auth.go:293.106,295.2 1 1
github.com/casapps/caspbx/src/server/service/auth.go:297.105,299.2 1 1
github.com/casapps/caspbx/src/server/service/auth.go:301.94,303.24 2 1
github.com/casapps/caspbx/src/server/service/auth.go:303.24,305.3 1 1
github.com/casapps/caspbx/src/server/service/auth.go:306.2,306.19 1 1
github.com/casapps/caspbx/src/server/service/auth.go:309.92,311.24 2 1
github.com/casapps/caspbx/src/server/service/auth.go:311.24,313.3 1 1
github.com/casapps/caspbx/src/server/service/auth.go:314.2,314.18 1 1
github.com/casapps/caspbx/src/server/service/auth.go:317.102,319.2 1 1
github.com/casapps/caspbx/src/server/service/auth.go:321.101,323.2 1 1
github.com/casapps/caspbx/src/server/service/auth.go:325.100,327.2 1 1
github.com/casapps/caspbx/src/server/service/auth.go:329.81,331.2 1 1
github.com/casapps/caspbx/src/server/service/auth.go:333.80,335.2 1 1
github.com/casapps/caspbx/src/server/service/auth.go:337.86,339.2 1 1
github.com/casapps/caspbx/src/server/service/auth.go:341.85,343.2 1 1
github.com/casapps/caspbx/src/server/service/auth.go:345.102,347.2 1 1
github.com/casapps/caspbx/src/server/service/auth.go:349.101,351.2 1 1
github.com/casapps/caspbx/src/server/service/auth.go:353.181,355.23 2 1
github.com/casapps/caspbx/src/server/service/auth.go:355.23,357.3 1 1
github.com/casapps/caspbx/src/server/service/auth.go:359.2,373.22 4 1
github.com/casapps/caspbx/src/server/service/auth.go:373.22,375.3 1 1
github.com/casapps/caspbx/src/server/service/auth.go:377.2,381.8 1 1
github.com/casapps/caspbx/src/server/service/auth.go:384.144,385.36 1 1
github.com/casapps/caspbx/src/server/service/auth.go:385.36,387.3 1 1
github.com/casapps/caspbx/src/server/service/auth.go:389.2,390.24 2 1
github.com/casapps/caspbx/src/server/service/auth.go:390.24,392.3 1 1
github.com/casapps/caspbx/src/server/service/auth.go:393.2,393.38 1 1
github.com/casapps/caspbx/src/server/service/auth.go:393.38,396.3 2 1
github.com/casapps/caspbx/src/server/service/auth.go:397.2,397.38 1 1
github.com/casapps/caspbx/src/server/service/auth.go:397.38,402.23 5 1
github.com/casapps/caspbx/src/server/service/auth.go:402.23,404.4 1 1
github.com/casapps/caspbx/src/server/service/auth.go:405.3,405.25 1 1
github.com/casapps/caspbx/src/server/service/auth.go:407.2,407.21 1 1
github.com/casapps/caspbx/src/server/service/auth.go:410.100,411.36 1 1
github.com/casapps/caspbx/src/server/service/auth.go:411.36,413.3 1 1
github.com/casapps/caspbx/src/server/service/auth.go:414.2,415.24 2 1
github.com/casapps/caspbx/src/server/service/auth.go:415.24,417.3 1 1
github.com/casapps/caspbx/src/server/service/auth.go:418.2,418.12 1 1
github.com/casapps/caspbx/src/server/service/auth.go:421.139,423.24 2 1
github.com/casapps/caspbx/src/server/service/auth.go:423.24,425.3 1 1
github.com/casapps/caspbx/src/server/service/auth.go:426.2,426.20 1 1
github.com/casapps/caspbx/src/server/service/auth.go:426.20,428.3 1 1
github.com/casapps/caspbx/src/server/service/auth.go:430.2,431.37 2 1
github.com/casapps/caspbx/src/server/service/auth.go:431.37,433.3 1 1
github.com/casapps/caspbx/src/server/service/auth.go:435.2,436.75 2 1
github.com/casapps/caspbx/src/server/service/auth.go:436.75,438.3 1 1
github.com/casapps/caspbx/src/server/service/auth.go:440.2,440.31 1 1
github.com/casapps/caspbx/src/server/service/auth.go:443.139,449.48 2 1
github.com/casapps/caspbx/src/server/service/auth.go:450.33,451.69 1 1
github.com/casapps/caspbx/src/server/service/auth.go:452.36,453.72 1 1
github.com/casapps/caspbx/src/server/service/auth.go:454.10,455.52 1 1
github.com/casapps/caspbx/src/server/service/auth.go:458.2,458.24 1 1
github.com/casapps/caspbx/src/server/service/auth.go:458.24,460.3 1 1
github.com/casapps/caspbx/src/server/service/auth.go:461.2,461.19 1 1
github.com/casapps/caspbx/src/server/service/auth.go:461.19,463.3 1 1
github.com/casapps/caspbx/src/server/service/auth.go:465.2,466.37 2 1
github.com/casapps/caspbx/src/server/service/auth.go:466.37,468.3 1 1
github.com/casapps/caspbx/src/server/service/auth.go:470.2,471.73 2 1
github.com/casapps/caspbx/src/server/service/auth.go:471.73,473.3 1 1
github.com/casapps/caspbx/src/server/service/auth.go:475.2,475.30 1 1
github.com/casapps/caspbx/src/server/service/auth.go:478.185,480.24 2 1
github.com/casapps/caspbx/src/server/service/auth.go:480.24,482.3 1 1
github.com/casapps/caspbx/src/server/service/auth.go:484.2,485.23 2 1
github.com/casapps/caspbx/src/server/service/auth.go:485.23,487.3 1 1
github.com/casapps/caspbx/src/server/service/auth.go:489.2,500.13 3 1
github.com/casapps/caspbx/src/server/service/auth.go:500.13,502.3 1 1
github.com/casapps/caspbx/src/server/service/auth.go:504.2,505.22 2 1
github.com/casapps/caspbx/src/server/service/auth.go:505.22,507.3 1 1
github.com/casapps/caspbx/src/server/service/auth.go:509.2,512.8 1 1
github.com/casapps/caspbx/src/server/service/auth.go:515.129,516.87 1 1
github.com/casapps/caspbx/src/server/service/auth.go:516.87,518.3 1 1
github.com/casapps/caspbx/src/server/service/auth.go:520.2,521.24 2 1
github.com/casapps/caspbx/src/server/service/auth.go:521.24,523.3 1 1
github.com/casapps/caspbx/src/server/service/auth.go:524.2,524.42 1 1
github.com/casapps/caspbx/src/server/service/auth.go:524.42,527.3 2 1
github.com/casapps/caspbx/src/server/service/auth.go:529.2,531.22 3 1
github.com/casapps/caspbx/src/server/service/auth.go:531.22,533.3 1 1
github.com/casapps/caspbx/src/server/service/auth.go:534.2,534.24 1 1
github.com/casapps/caspbx/src/server/service/auth.go:537.148,539.25 2 1
github.com/casapps/caspbx/src/server/service/auth.go:539.25,541.3 1 1
github.com/casapps/caspbx/src/server/service/auth.go:543.2,547.46 2 1
github.com/casapps/caspbx/src/server/service/auth.go:547.46,549.25 2 1
github.com/casapps/caspbx/src/server/service/auth.go:549.25,551.4 1 1
github.com/casapps/caspbx/src/server/service/auth.go:552.3,552.62 1 1
github.com/casapps/caspbx/src/server/service/auth.go:552.62,553.9 1 1
github.com/casapps/caspbx/src/server/service/auth.go:556.2,556.61 1 1
github.com/casapps/caspbx/src/server/service/auth.go:556.61,558.3 1 1
github.com/casapps/caspbx/src/server/service/auth.go:559.2,559.111 1 1
github.com/casapps/caspbx/src/server/service/auth.go:559.111,562.3 2 1
github.com/casapps/caspbx/src/server/service/auth.go:563.2,563.28 1 1
github.com/casapps/caspbx/src/server/service/auth.go:566.113,567.87 1 1
github.com/casapps/caspbx/src/server/service/auth.go:567.87,569.3 1 1
github.com/casapps/caspbx/src/server/service/auth.go:570.2,570.106 1 1
github.com/casapps/caspbx/src/server/service/auth.go:570.106,572.3 1 1
github.com/casapps/caspbx/src/server/service/auth.go:573.2,573.12 1 1
github.com/casapps/caspbx/src/server/service/auth.go:576.43,577.35 1 1
github.com/casapps/caspbx/src/server/service/auth.go:577.35,579.3 1 1
github.com/casapps/caspbx/src/server/service/auth.go:580.2,580.32 1 1
github.com/casapps/caspbx/src/server/service/auth.go:583.65,584.15 1 1
github.com/casapps/caspbx/src/server/service/auth.go:585.55,586.15 1 1
github.com/casapps/caspbx/src/server/service/auth.go:587.10,588.32 1 1
github.com/casapps/caspbx/src/server/service/auth.go:592.46,593.21 1 1
github.com/casapps/caspbx/src/server/service/auth.go:593.21,595.3 1 1
github.com/casapps/caspbx/src/server/service/auth.go:596.2,596.18 1 1
github.com/casapps/caspbx/src/server/service/auth.go:599.66,600.19 1 1
github.com/casapps/caspbx/src/server/service/auth.go:601.29,602.21 1 1
github.com/casapps/caspbx/src/server/service/auth.go:603.28,604.21 1 1
github.com/casapps/caspbx/src/server/service/auth.go:605.27,606.21 1 1
github.com/casapps/caspbx/src/server/service/auth.go:607.10,608.33 1 1
github.com/casapps/caspbx/src/server/service/auth.go:612.83,614.24 2 1
github.com/casapps/caspbx/src/server/service/auth.go:614.24,616.3 1 1
github.com/casapps/caspbx/src/server/service/auth.go:618.2,619.83 2 1
github.com/casapps/caspbx/src/server/service/auth.go:619.83,621.3 1 1
github.com/casapps/caspbx/src/server/service/auth.go:622.2,622.50 1 1
github.com/casapps/caspbx/src/server/service/auth.go:622.50,623.83 1 1
github.com/casapps/caspbx/src/server/service/auth.go:623.83,625.4 1 1
github.com/casapps/caspbx/src/server/service/auth.go:627.2,627.12 1 1
github.com/casapps/caspbx/src/server/service/auth.go:630.56,641.2 2 1
github.com/casapps/caspbx/src/server/service/auth.go:643.68,645.98 2 1
github.com/casapps/caspbx/src/server/service/auth.go:645.98,647.3 1 1
github.com/casapps/caspbx/src/server/service/auth.go:648.2,648.85 1 1
github.com/casapps/caspbx/src/server/service/auth.go:648.85,650.3 1 1
github.com/casapps/caspbx/src/server/service/auth.go:652.2,654.22 3 1
github.com/casapps/caspbx/src/server/service/auth.go:654.22,656.3 1 1
github.com/casapps/caspbx/src/server/service/auth.go:657.2,658.22 2 1
github.com/casapps/caspbx/src/server/service/auth.go:658.22,660.3 1 1
github.com/casapps/caspbx/src/server/service/auth.go:661.2,661.24 1 1
github.com/casapps/caspbx/src/server/service/auth.go:664.75,666.66 2 1
github.com/casapps/caspbx/src/server/service/auth.go:666.66,668.3 1 1
github.com/casapps/caspbx/src/server/service/auth.go:669.2,669.57 1 1
github.com/casapps/caspbx/src/server/service/auth.go:672.95,674.17 2 1
github.com/casapps/caspbx/src/server/service/auth.go:674.17,676.3 1 1
github.com/casapps/caspbx/src/server/service/auth.go:678.2,681.28 4 1
github.com/casapps/caspbx/src/server/service/auth.go:681.28,682.7 1 1
github.com/casapps/caspbx/src/server/service/auth.go:682.7,683.73 1 1
github.com/casapps/caspbx/src/server/service/auth.go:683.73,685.5 1 1
github.com/casapps/caspbx/src/server/service/auth.go:686.4,686.30 1 1
github.com/casapps/caspbx/src/server/service/auth.go:686.30,687.13 1 1
github.com/casapps/caspbx/src/server/service/auth.go:689.4,690.9 2 1
github.com/casapps/caspbx/src/server/service/auth.go:694.2,694.37 1 1
github.com/casapps/caspbx/src/server/service/auth.go:697.46,699.66 2 1
github.com/casapps/caspbx/src/server/service/auth.go:699.66,700.19 1 1
github.com/casapps/caspbx/src/server/service/auth.go:702.2,704.112 3 1
github.com/casapps/caspbx/src/server/service/namespace.go:13.116,18.51 2 1
github.com/casapps/caspbx/src/server/service/namespace.go:18.51,20.3 1 1
github.com/casapps/caspbx/src/server/service/namespace.go:21.2,21.45 1 1
github.com/casapps/caspbx/src/server/service/namespace.go:21.45,23.3 1 1
github.com/casapps/caspbx/src/server/service/namespace.go:24.2,24.41 1 1
github.com/casapps/caspbx/src/server/service/namespace.go:24.41,26.3 1 1
github.com/casapps/caspbx/src/server/service/namespace.go:27.2,27.39 1 1
github.com/casapps/caspbx/src/server/service/namespace.go:27.39,29.3 1 1
github.com/casapps/caspbx/src/server/service/namespace.go:31.2,31.17 1 1
github.com/casapps/caspbx/src/server/service/namespace.go:34.73,36.67 2 1
github.com/casapps/caspbx/src/server/service/namespace.go:36.67,38.3 1 1
github.com/casapps/caspbx/src/server/service/namespace.go:39.2,39.12 1 1
github.com/casapps/caspbx/src/server/service/namespace.go:42.67,43.82 1 1
github.com/casapps/caspbx/src/server/service/namespace.go:43.82,45.3 1 1
github.com/casapps/caspbx/src/server/service/namespace.go:46.2,47.12 2 1
github.com/casapps/caspbx/src/server/service/namespace.go:50.66,51.82 1 1
github.com/casapps/caspbx/src/server/service/namespace.go:51.82,53.3 1 1
github.com/casapps/caspbx/src/server/service/namespace.go:54.2,55.12 2 1
github.com/casapps/caspbx/src/server/service/tenancy.go:38.89,44.45 2 1
github.com/casapps/caspbx/src/server/service/tenancy.go:44.45,46.3 1 1
github.com/casapps/caspbx/src/server/service/tenancy.go:47.2,47.35 1 1
github.com/casapps/caspbx/src/server/service/tenancy.go:47.35,49.3 1 1
github.com/casapps/caspbx/src/server/service/tenancy.go:51.2,51.17 1 1
github.com/casapps/caspbx/src/server/service/tenancy.go:54.76,56.63 2 1
github.com/casapps/caspbx/src/server/service/tenancy.go:56.63,61.3 1 1
github.com/casapps/caspbx/src/server/service/tenancy.go:63.2,64.12 2 1
github.com/casapps/caspbx/src/server/service/tenancy.go:64.12,66.3 1 1
github.com/casapps/caspbx/src/server/service/tenancy.go:67.2,67.48 1 1
github.com/casapps/caspbx/src/server/service/tenancy.go:67.48,69.3 1 1
github.com/casapps/caspbx/src/server/service/tenancy.go:71.2,77.8 1 1
github.com/casapps/caspbx/src/server/service/tenancy.go:80.41,82.40 2 1
github.com/casapps/caspbx/src/server/service/tenancy.go:82.40,83.85 1 1
github.com/casapps/caspbx/src/server/service/tenancy.go:83.85,85.4 1 1
github.com/casapps/caspbx/src/server/service/tenancy.go:87.2,87.20 1 1
github.com/casapps/caspbx/src/graphql/graphql.go:14.47,20.2 1 1
github.com/casapps/caspbx/src/graphql/graphql.go:22.45,23.71 1 1
github.com/casapps/caspbx/src/graphql/graphql.go:23.71,24.19 1 1
github.com/casapps/caspbx/src/graphql/graphql.go:25.40,27.41 2 1
github.com/casapps/caspbx/src/graphql/graphql.go:28.11,29.46 1 1
github.com/casapps/caspbx/src/main.go:23.13,25.2 1 1
github.com/casapps/caspbx/src/main.go:27.74,54.39 24 1
github.com/casapps/caspbx/src/main.go:54.39,57.3 2 1
github.com/casapps/caspbx/src/main.go:59.2,60.38 2 1
github.com/casapps/caspbx/src/main.go:60.38,62.3 1 1
github.com/casapps/caspbx/src/main.go:64.2,67.9 3 1
github.com/casapps/caspbx/src/main.go:68.17,70.11 2 1
github.com/casapps/caspbx/src/main.go:71.20,73.11 2 1
github.com/casapps/caspbx/src/main.go:74.19,78.11 4 1
github.com/casapps/caspbx/src/main.go:79.10,82.11 3 1
github.com/casapps/caspbx/src/main.go:86.48,119.2 1 1
github.com/casapps/caspbx/src/main.go:121.117,126.24 5 1
github.com/casapps/caspbx/src/main.go:126.24,128.3 1 1
github.com/casapps/caspbx/src/swagger/swagger.go:15.71,22.2 1 1
github.com/casapps/caspbx/src/swagger/swagger.go:24.41,25.71 1 1
github.com/casapps/caspbx/src/swagger/swagger.go:25.71,26.19 1 1
github.com/casapps/caspbx/src/swagger/swagger.go:27.40,29.39 2 1
github.com/casapps/caspbx/src/swagger/swagger.go:30.11,31.46 1 1
github.com/casapps/caspbx/src/server/middleware.go:13.56,14.41 1 1
github.com/casapps/caspbx/src/server/middleware.go:14.41,16.3 1 1
github.com/casapps/caspbx/src/server/middleware.go:18.2,18.69 1 1
github.com/casapps/caspbx/src/server/middleware.go:18.69,20.3 1 1
github.com/casapps/caspbx/src/server/middleware.go:22.2,22.25 1 1
github.com/casapps/caspbx/src/server/middleware.go:25.73,26.9 1 1
github.com/casapps/caspbx/src/server/middleware.go:27.51,28.24 1 1
github.com/casapps/caspbx/src/server/middleware.go:29.52,30.24 1 1
github.com/casapps/caspbx/src/server/middleware.go:31.58,32.24 1 1
github.com/casapps/caspbx/src/server/middleware.go:35.2,39.53 2 1
github.com/casapps/caspbx/src/server/middleware.go:39.53,40.52 1 1
github.com/casapps/caspbx/src/server/middleware.go:40.52,42.4 1 1
github.com/casapps/caspbx/src/server/middleware.go:45.2,49.45 2 1
github.com/casapps/caspbx/src/server/middleware.go:49.45,50.48 1 1
github.com/casapps/caspbx/src/server/middleware.go:50.48,52.4 1 1
github.com/casapps/caspbx/src/server/middleware.go:55.2,55.21 1 1
github.com/casapps/caspbx/src/server/middleware.go:55.21,57.3 1 1
github.com/casapps/caspbx/src/server/middleware.go:59.2,59.23 1 1
github.com/casapps/caspbx/src/server/middleware.go:62.100,63.9 1 1
github.com/casapps/caspbx/src/server/middleware.go:64.46,65.24 1 1
github.com/casapps/caspbx/src/server/middleware.go:66.52,67.24 1 1
github.com/casapps/caspbx/src/server/middleware.go:68.58,69.24 1 1
github.com/casapps/caspbx/src/server/middleware.go:72.2,76.45 2 1
github.com/casapps/caspbx/src/server/middleware.go:76.45,77.48 1 1
github.com/casapps/caspbx/src/server/middleware.go:77.48,79.4 1 1
github.com/casapps/caspbx/src/server/middleware.go:82.2,82.21 1 1
github.com/casapps/caspbx/src/server/middleware.go:82.21,84.3 1 1
github.com/casapps/caspbx/src/server/middleware.go:86.2,86.23 1 1
github.com/casapps/caspbx/src/server/middleware.go:89.44,91.26 2 1
github.com/casapps/caspbx/src/server/middleware.go:91.26,93.3 1 1
github.com/casapps/caspbx/src/server/middleware.go:94.2,94.58 1 1
github.com/casapps/caspbx/src/server/routes.go:37.81,39.58 2 1
github.com/casapps/caspbx/src/server/routes.go:39.58,41.3 1 1
github.com/casapps/caspbx/src/server/routes.go:43.2,43.77 1 1
github.com/casapps/caspbx/src/server/routes.go:43.77,45.3 1 1
github.com/casapps/caspbx/src/server/routes.go:47.2,66.8 3 1
github.com/casapps/caspbx/src/server/routes.go:69.48,71.51 2 1
github.com/casapps/caspbx/src/server/routes.go:71.51,73.3 1 1
github.com/casapps/caspbx/src/server/routes.go:74.2,74.64 1 1
github.com/casapps/caspbx/src/server/routes.go:74.64,76.3 1 1
github.com/casapps/caspbx/src/server/routes.go:77.2,77.12 1 1
github.com/casapps/caspbx/src/server/routes.go:80.61,82.26 2 1
github.com/casapps/caspbx/src/server/routes.go:82.26,84.3 1 1
github.com/casapps/caspbx/src/server/routes.go:86.2,87.59 2 1
github.com/casapps/caspbx/src/server/routes.go:87.59,89.3 1 1
github.com/casapps/caspbx/src/server/routes.go:90.2,90.12 1 1
github.com/casapps/caspbx/src/server/routes.go:93.62,95.2 1 1
github.com/casapps/caspbx/src/server/routes.go:97.65,99.2 1 1
github.com/casapps/caspbx/src/server/routes.go:101.62,103.2 1 1
github.com/casapps/caspbx/src/server/routes.go:105.65,107.2 1 1
github.com/casapps/caspbx/src/server/routes.go:109.74,111.35 2 1
github.com/casapps/caspbx/src/server/routes.go:111.35,113.3 1 1
github.com/casapps/caspbx/src/server/routes.go:114.2,115.36 2 1
github.com/casapps/caspbx/src/server/routes.go:118.77,120.35 2 1
github.com/casapps/caspbx/src/server/routes.go:120.35,122.3 1 1
github.com/casapps/caspbx/src/server/routes.go:123.2,124.36 2 1
github.com/casapps/caspbx/src/server/routes.go:127.64,129.2 1 1
github.com/casapps/caspbx/src/server/routes.go:131.67,133.2 1 1
github.com/casapps/caspbx/src/server/routes.go:135.72,137.2 1 1
github.com/casapps/caspbx/src/server/routes.go:139.75,141.2 1 1
github.com/casapps/caspbx/src/server/routes.go:143.45,145.29 2 1
github.com/casapps/caspbx/src/server/routes.go:145.29,147.24 2 1
github.com/casapps/caspbx/src/server/routes.go:147.24,148.12 1 1
github.com/casapps/caspbx/src/server/routes.go:150.3,150.66 1 1
github.com/casapps/caspbx/src/server/routes.go:153.2,153.26 1 1
github.com/casapps/caspbx/src/server/routes.go:153.26,155.3 1 1
github.com/casapps/caspbx/src/server/routes.go:157.2,158.23 2 1
github.com/casapps/caspbx/src/server/routes.go:158.23,160.3 1 1
github.com/casapps/caspbx/src/server/routes.go:162.2,162.25 1 1
github.com/casapps/caspbx/src/server/server.go:25.75,27.23 2 1
github.com/casapps/caspbx/src/server/server.go:27.23,29.3 1 1
github.com/casapps/caspbx/src/server/server.go:30.2,30.39 1 1
github.com/casapps/caspbx/src/server/server.go:33.137,36.2 2 1
github.com/casapps/caspbx/src/server/server.go:38.213,40.27 2 1
github.com/casapps/caspbx/src/server/server.go:40.27,42.3 1 1
github.com/casapps/caspbx/src/server/server.go:44.2,93.68 20 1
github.com/casapps/caspbx/src/server/server.go:96.45,103.2 1 1
github.com/casapps/caspbx/src/server/server.go:105.39,107.2 1 1
github.com/casapps/caspbx/src/server/server.go:109.33,114.2 1 1
github.com/casapps/caspbx/src/server/server.go:116.91,119.2 2 1
github.com/casapps/caspbx/src/server/server.go:121.47,122.15 1 1
github.com/casapps/caspbx/src/server/server.go:123.16,124.33 1 1
github.com/casapps/caspbx/src/server/server.go:125.14,126.31 1 1
github.com/casapps/caspbx/src/server/server.go:127.10,128.30 1 1
github.com/casapps/caspbx/src/server/server.go:132.49,134.2 1 1
github.com/casapps/caspbx/src/server/handler/admin.go:19.121,25.2 1 1
github.com/casapps/caspbx/src/server/handler/admin.go:27.79,28.82 1 1
github.com/casapps/caspbx/src/server/handler/admin.go:29.10,30.27 1 1
github.com/casapps/caspbx/src/server/handler/admin.go:31.37,32.30 1 1
github.com/casapps/caspbx/src/server/handler/admin.go:33.58,34.53 1 1
github.com/casapps/caspbx/src/server/handler/admin.go:35.10,36.79 1 1
github.com/casapps/caspbx/src/server/handler/admin.go:36.79,39.4 2 1
github.com/casapps/caspbx/src/server/handler/admin.go:40.3,40.116 1 1
github.com/casapps/caspbx/src/server/handler/admin.go:40.116,43.4 2 1
github.com/casapps/caspbx/src/server/handler/admin.go:44.3,44.22 1 1
github.com/casapps/caspbx/src/server/handler/admin.go:48.80,49.18 1 1
github.com/casapps/caspbx/src/server/handler/admin.go:50.39,52.18 2 1
github.com/casapps/caspbx/src/server/handler/admin.go:52.18,58.4 2 1
github.com/casapps/caspbx/src/server/handler/admin.go:60.3,65.5 1 1
github.com/casapps/caspbx/src/server/handler/admin.go:66.23,68.24 2 1
github.com/casapps/caspbx/src/server/handler/admin.go:68.24,71.4 2 1
github.com/casapps/caspbx/src/server/handler/admin.go:73.3,74.23 2 1
github.com/casapps/caspbx/src/server/handler/admin.go:74.23,77.4 2 1
github.com/casapps/caspbx/src/server/handler/admin.go:79.3,86.5 2 1
github.com/casapps/caspbx/src/server/handler/admin.go:87.10,88.45 1 1
github.com/casapps/caspbx/src/server/handler/admin.go:92.83,93.63 1 1
github.com/casapps/caspbx/src/server/handler/admin.go:93.63,96.3 2 1
github.com/casapps/caspbx/src/server/handler/admin.go:98.2,99.17 2 1
github.com/casapps/caspbx/src/server/handler/admin.go:99.17,102.3 2 1
github.com/casapps/caspbx/src/server/handler/admin.go:104.2,104.41 1 1
github.com/casapps/caspbx/src/server/handler/admin.go:104.41,113.3 2 1
github.com/casapps/caspbx/src/server/handler/admin.go:115.2,116.136 2 1
github.com/casapps/caspbx/src/server/handler/admin.go:119.113,120.63 1 1
github.com/casapps/caspbx/src/server/handler/admin.go:120.63,123.3 2 1
github.com/casapps/caspbx/src/server/handler/admin.go:125.2,126.17 2 1
github.com/casapps/caspbx/src/server/handler/admin.go:126.17,129.3 2 1
github.com/casapps/caspbx/src/server/handler/admin.go:131.2,131.41 1 1
github.com/casapps/caspbx/src/server/handler/admin.go:131.41,139.3 2 1
github.com/casapps/caspbx/src/server/handler/admin.go:141.2,142.80 2 1
github.com/casapps/caspbx/src/server/handler/admin.go:145.94,147.23 2 1
github.com/casapps/caspbx/src/server/handler/admin.go:147.23,149.3 1 1
github.com/casapps/caspbx/src/server/handler/admin.go:151.2,152.25 2 1
github.com/casapps/caspbx/src/server/handler/admin.go:152.25,154.3 1 1
github.com/casapps/caspbx/src/server/handler/admin.go:156.2,157.23 2 1
github.com/casapps/caspbx/src/server/handler/admin.go:157.23,159.3 1 1
github.com/casapps/caspbx/src/server/handler/admin.go:161.2,161.29 1 1
github.com/casapps/caspbx/src/server/handler/api.go:23.113,24.71 1 1
github.com/casapps/caspbx/src/server/handler/api.go:24.71,25.34 1 1
github.com/casapps/caspbx/src/server/handler/api.go:25.34,27.4 1 1
github.com/casapps/caspbx/src/server/handler/api.go:29.3,35.42 2 1
github.com/casapps/caspbx/src/server/handler/api.go:35.42,38.4 2 1
github.com/casapps/caspbx/src/server/handler/api.go:40.3,41.124 2 1
github.com/casapps/caspbx/src/server/handler/api.go:45.69,47.2 1 1
github.com/casapps/caspbx/src/server/handler/api.go:49.77,50.71 1 1
github.com/casapps/caspbx/src/server/handler/api.go:50.71,51.34 1 1
github.com/casapps/caspbx/src/server/handler/api.go:51.34,53.4 1 1
github.com/casapps/caspbx/src/server/handler/api.go:55.3,60.69 2 1
github.com/casapps/caspbx/src/server/handler/api.go:60.69,65.4 4 1
github.com/casapps/caspbx/src/server/handler/api.go:67.3,67.52 1 1
github.com/casapps/caspbx/src/server/handler/api.go:71.72,72.18 1 1
github.com/casapps/caspbx/src/server/handler/api.go:73.39,74.14 1 1
github.com/casapps/caspbx/src/server/handler/api.go:75.10,77.15 2 1
github.com/casapps/caspbx/src/server/handler/api.go:81.66,85.2 3 1
github.com/casapps/caspbx/src/server/handler/api.go:87.44,89.2 1 1
github.com/casapps/caspbx/src/server/handler/api.go:91.82,92.9 1 1
github.com/casapps/caspbx/src/server/handler/api.go:93.46,94.14 1 1
github.com/casapps/caspbx/src/server/handler/api.go:95.52,96.14 1 1
github.com/casapps/caspbx/src/server/handler/api.go:97.58,98.15 1 1
github.com/casapps/caspbx/src/server/handler/api.go:101.2,101.123 1 1
github.com/casapps/caspbx/src/server/handler/api.go:101.123,102.48 1 1
github.com/casapps/caspbx/src/server/handler/api.go:102.48,104.4 1 1
github.com/casapps/caspbx/src/server/handler/api.go:107.2,107.24 1 1
github.com/casapps/caspbx/src/server/handler/api_auth.go:29.131,35.2 1 1
github.com/casapps/caspbx/src/server/handler/api_auth.go:37.90,42.2 1 1
github.com/casapps/caspbx/src/server/handler/api_auth.go:44.91,49.2 1 1
github.com/casapps/caspbx/src/server/handler/api_auth.go:51.81,52.82 1 1
github.com/casapps/caspbx/src/server/handler/api_auth.go:53.15,54.34 1 1
github.com/casapps/caspbx/src/server/handler/api_auth.go:54.34,56.4 1 1
github.com/casapps/caspbx/src/server/handler/api_auth.go:57.3,64.5 1 1
github.com/casapps/caspbx/src/server/handler/api_auth.go:65.15,66.28 1 1
github.com/casapps/caspbx/src/server/handler/api_auth.go:67.18,68.31 1 1
github.com/casapps/caspbx/src/server/handler/api_auth.go:69.16,70.29 1 1
github.com/casapps/caspbx/src/server/handler/api_auth.go:71.17,72.30 1 1
github.com/casapps/caspbx/src/server/handler/api_auth.go:73.142,74.76 1 1
github.com/casapps/caspbx/src/server/handler/api_auth.go:75.10,76.10 1 1
github.com/casapps/caspbx/src/server/handler/api_auth.go:79.45,80.77 1 1
github.com/casapps/caspbx/src/server/handler/api_auth.go:81.11,82.23 1 1
github.com/casapps/caspbx/src/server/handler/api_auth.go:87.83,88.18 1 1
github.com/casapps/caspbx/src/server/handler/api_auth.go:89.39,94.5 1 1
github.com/casapps/caspbx/src/server/handler/api_auth.go:95.23,97.24 2 1
github.com/casapps/caspbx/src/server/handler/api_auth.go:97.24,100.4 2 1
github.com/casapps/caspbx/src/server/handler/api_auth.go:102.3,103.23 2 1
github.com/casapps/caspbx/src/server/handler/api_auth.go:103.23,106.4 2 1
github.com/casapps/caspbx/src/server/handler/api_auth.go:108.3,117.5 1 1
github.com/casapps/caspbx/src/server/handler/api_auth.go:118.10,119.45 1 1
github.com/casapps/caspbx/src/server/handler/api_auth.go:123.86,124.18 1 1
github.com/casapps/caspbx/src/server/handler/api_auth.go:125.39,129.5 1 1
github.com/casapps/caspbx/src/server/handler/api_auth.go:130.23,131.63 1 1
github.com/casapps/caspbx/src/server/handler/api_auth.go:131.63,134.4 2 1
github.com/casapps/caspbx/src/server/handler/api_auth.go:135.3,135.74 1 1
github.com/casapps/caspbx/src/server/handler/api_auth.go:136.10,137.45 1 1
github.com/casapps/caspbx/src/server/handler/api_auth.go:141.84,142.33 1 1
github.com/casapps/caspbx/src/server/handler/api_auth.go:142.33,145.3 2 1
github.com/casapps/caspbx/src/server/handler/api_auth.go:147.2,148.23 2 1
github.com/casapps/caspbx/src/server/handler/api_auth.go:148.23,151.3 2 1
github.com/casapps/caspbx/src/server/handler/api_auth.go:152.2,152.96 1 1
github.com/casapps/caspbx/src/server/handler/api_auth.go:152.96,155.3 2 1
github.com/casapps/caspbx/src/server/handler/api_auth.go:157.2,157.72 1 1
github.com/casapps/caspbx/src/server/handler/api_auth.go:160.85,161.33 1 1
github.com/casapps/caspbx/src/server/handler/api_auth.go:161.33,164.3 2 1
github.com/casapps/caspbx/src/server/handler/api_auth.go:166.2,167.23 2 1
github.com/casapps/caspbx/src/server/handler/api_auth.go:167.23,170.3 2 1
github.com/casapps/caspbx/src/server/handler/api_auth.go:172.2,173.25 2 1
github.com/casapps/caspbx/src/server/handler/api_auth.go:173.25,176.3 2 1
github.com/casapps/caspbx/src/server/handler/api_auth.go:178.2,185.4 1 1
github.com/casapps/caspbx/src/server/handler/api_auth.go:188.81,189.63 1 1
github.com/casapps/caspbx/src/server/handler/api_auth.go:189.63,192.3 2 1
github.com/casapps/caspbx/src/server/handler/api_auth.go:194.2,195.17 2 1
github.com/casapps/caspbx/src/server/handler/api_auth.go:195.17,198.3 2 1
github.com/casapps/caspbx/src/server/handler/api_auth.go:200.2,200.52 1 1
github.com/casapps/caspbx/src/server/handler/api_auth.go:201.21,210.5 1 1
github.com/casapps/caspbx/src/server/handler/api_auth.go:211.10,212.22 1 1
github.com/casapps/caspbx/src/server/handler/api_auth.go:216.82,217.82 1 1
github.com/casapps/caspbx/src/server/handler/api_auth.go:218.10,219.27 1 1
github.com/casapps/caspbx/src/server/handler/api_auth.go:220.37,221.30 1 1
github.com/casapps/caspbx/src/server/handler/api_auth.go:222.58,223.53 1 1
github.com/casapps/caspbx/src/server/handler/api_auth.go:224.10,225.79 1 1
github.com/casapps/caspbx/src/server/handler/api_auth.go:225.79,228.4 2 1
github.com/casapps/caspbx/src/server/handler/api_auth.go:229.3,229.116 1 1
github.com/casapps/caspbx/src/server/handler/api_auth.go:229.116,232.4 2 1
github.com/casapps/caspbx/src/server/handler/api_auth.go:233.3,233.22 1 1
github.com/casapps/caspbx/src/server/handler/api_auth.go:237.83,238.33 1 1
github.com/casapps/caspbx/src/server/handler/api_auth.go:238.33,240.3 1 1
github.com/casapps/caspbx/src/server/handler/api_auth.go:242.2,243.17 2 1
github.com/casapps/caspbx/src/server/handler/api_auth.go:243.17,246.3 2 1
github.com/casapps/caspbx/src/server/handler/api_auth.go:248.2,255.4 1 1
github.com/casapps/caspbx/src/server/handler/api_auth.go:258.86,259.33 1 1
github.com/casapps/caspbx/src/server/handler/api_auth.go:259.33,261.3 1 1
github.com/casapps/caspbx/src/server/handler/api_auth.go:263.2,264.17 2 1
github.com/casapps/caspbx/src/server/handler/api_auth.go:264.17,267.3 2 1
github.com/casapps/caspbx/src/server/handler/api_auth.go:269.2,276.4 1 1
github.com/casapps/caspbx/src/server/handler/api_auth.go:279.116,280.33 1 1
github.com/casapps/caspbx/src/server/handler/api_auth.go:280.33,282.3 1 1
github.com/casapps/caspbx/src/server/handler/api_auth.go:284.2,285.17 2 1
github.com/casapps/caspbx/src/server/handler/api_auth.go:285.17,288.3 2 1
github.com/casapps/caspbx/src/server/handler/api_auth.go:290.2,296.4 1 1
github.com/casapps/caspbx/src/server/handler/api_auth.go:299.95,301.23 2 1
github.com/casapps/caspbx/src/server/handler/api_auth.go:301.23,303.3 1 1
github.com/casapps/caspbx/src/server/handler/api_auth.go:305.2,306.25 2 1
github.com/casapps/caspbx/src/server/handler/api_auth.go:306.25,308.3 1 1
github.com/casapps/caspbx/src/server/handler/api_auth.go:310.2,311.23 2 1
github.com/casapps/caspbx/src/server/handler/api_auth.go:311.23,313.3 1 1
github.com/casapps/caspbx/src/server/handler/api_auth.go:315.2,315.33 1 1
github.com/casapps/caspbx/src/server/handler/api_auth.go:318.92,320.23 2 1
github.com/casapps/caspbx/src/server/handler/api_auth.go:320.23,322.3 1 1
github.com/casapps/caspbx/src/server/handler/api_auth.go:324.2,325.25 2 1
github.com/casapps/caspbx/src/server/handler/api_auth.go:325.25,327.3 1 1
github.com/casapps/caspbx/src/server/handler/api_auth.go:329.2,330.22 2 1
github.com/casapps/caspbx/src/server/handler/api_auth.go:330.22,332.3 1 1
github.com/casapps/caspbx/src/server/handler/api_auth.go:334.2,334.32 1 1
github.com/casapps/caspbx/src/server/handler/api_auth.go:337.55,339.25 2 1
github.com/casapps/caspbx/src/server/handler/api_auth.go:339.25,341.3 1 1
github.com/casapps/caspbx/src/server/handler/api_auth.go:343.2,344.105 2 1
github.com/casapps/caspbx/src/server/handler/api_auth.go:344.105,346.3 1 1
github.com/casapps/caspbx/src/server/handler/api_auth.go:348.2,348.38 1 1
github.com/casapps/caspbx/src/server/handler/api_auth.go:351.86,352.94 1 1
github.com/casapps/caspbx/src/server/handler/api_auth.go:352.94,355.3 2 1
github.com/casapps/caspbx/src/server/handler/api_auth.go:357.2,360.4 1 1
github.com/casapps/caspbx/src/server/handler/api_auth.go:363.49,364.20 1 1
github.com/casapps/caspbx/src/server/handler/api_auth.go:364.20,366.3 1 1
github.com/casapps/caspbx/src/server/handler/api_auth.go:367.2,367.41 1 1
github.com/casapps/caspbx/src/server/handler/auth.go:36.160,43.2 1 1
github.com/casapps/caspbx/src/server/handler/auth.go:45.78,46.52 1 1
github.com/casapps/caspbx/src/server/handler/auth.go:47.15,48.30 1 1
github.com/casapps/caspbx/src/server/handler/auth.go:49.15,50.28 1 1
github.com/casapps/caspbx/src/server/handler/auth.go:51.18,52.31 1 1
github.com/casapps/caspbx/src/server/handler/auth.go:53.16,54.29 1 1
github.com/casapps/caspbx/src/server/handler/auth.go:55.17,56.30 1 1
github.com/casapps/caspbx/src/server/handler/auth.go:57.10,58.22 1 1
github.com/casapps/caspbx/src/server/handler/auth.go:62.82,63.33 1 1
github.com/casapps/caspbx/src/server/handler/auth.go:63.33,65.3 1 1
github.com/casapps/caspbx/src/server/handler/auth.go:67.2,74.41 2 1
github.com/casapps/caspbx/src/server/handler/auth.go:74.41,77.3 2 1
github.com/casapps/caspbx/src/server/handler/auth.go:79.2,80.175 2 1
github.com/casapps/caspbx/src/server/handler/auth.go:83.80,84.18 1 1
github.com/casapps/caspbx/src/server/handler/auth.go:85.39,91.42 2 1
github.com/casapps/caspbx/src/server/handler/auth.go:91.42,94.4 2 1
github.com/casapps/caspbx/src/server/handler/auth.go:95.3,96.79 2 1
github.com/casapps/caspbx/src/server/handler/auth.go:97.23,99.24 2 1
github.com/casapps/caspbx/src/server/handler/auth.go:99.24,102.4 2 1
github.com/casapps/caspbx/src/server/handler/auth.go:104.3,105.23 2 1
github.com/casapps/caspbx/src/server/handler/auth.go:105.23,108.4 2 1
github.com/casapps/caspbx/src/server/handler/auth.go:110.3,117.5 2 1
github.com/casapps/caspbx/src/server/handler/auth.go:118.10,119.45 1 1
github.com/casapps/caspbx/src/server/handler/auth.go:123.83,124.18 1 1
github.com/casapps/caspbx/src/server/handler/auth.go:125.39,129.5 1 1
github.com/casapps/caspbx/src/server/handler/auth.go:130.23,131.63 1 1
github.com/casapps/caspbx/src/server/handler/auth.go:131.63,134.4 2 1
github.com/casapps/caspbx/src/server/handler/auth.go:135.3,135.111 1 1
github.com/casapps/caspbx/src/server/handler/auth.go:136.10,137.45 1 1
github.com/casapps/caspbx/src/server/handler/auth.go:141.81,142.33 1 1
github.com/casapps/caspbx/src/server/handler/auth.go:142.33,145.3 2 1
github.com/casapps/caspbx/src/server/handler/auth.go:147.2,148.23 2 1
github.com/casapps/caspbx/src/server/handler/auth.go:148.23,151.3 2 1
github.com/casapps/caspbx/src/server/handler/auth.go:152.2,152.98 1 1
github.com/casapps/caspbx/src/server/handler/auth.go:152.98,155.3 2 1
github.com/casapps/caspbx/src/server/handler/auth.go:157.2,158.72 2 1
github.com/casapps/caspbx/src/server/handler/auth.go:161.82,162.33 1 1
github.com/casapps/caspbx/src/server/handler/auth.go:162.33,165.3 2 1
github.com/casapps/caspbx/src/server/handler/auth.go:167.2,168.23 2 1
github.com/casapps/caspbx/src/server/handler/auth.go:168.23,171.3 2 1
github.com/casapps/caspbx/src/server/handler/auth.go:173.2,174.25 2 1
github.com/casapps/caspbx/src/server/handler/auth.go:174.25,178.3 3 1
github.com/casapps/caspbx/src/server/handler/auth.go:180.2,185.4 2 1
github.com/casapps/caspbx/src/server/handler/auth.go:188.70,189.72 1 1
github.com/casapps/caspbx/src/server/handler/auth.go:189.72,191.86 2 1
github.com/casapps/caspbx/src/server/handler/auth.go:191.86,193.4 1 1
github.com/casapps/caspbx/src/server/handler/auth.go:194.3,194.26 1 1
github.com/casapps/caspbx/src/server/handler/auth.go:197.2,197.52 1 1
github.com/casapps/caspbx/src/server/handler/auth.go:197.52,199.3 1 1
github.com/casapps/caspbx/src/server/handler/auth.go:200.2,204.8 1 1
github.com/casapps/caspbx/src/server/handler/auth.go:207.76,209.65 2 1
github.com/casapps/caspbx/src/server/handler/auth.go:209.65,211.3 1 1
github.com/casapps/caspbx/src/server/handler/auth.go:212.2,212.26 1 1
github.com/casapps/caspbx/src/server/handler/auth.go:215.45,216.31 1 1
github.com/casapps/caspbx/src/server/handler/auth.go:216.31,217.37 1 1
github.com/casapps/caspbx/src/server/handler/auth.go:217.37,219.4 1 1
github.com/casapps/caspbx/src/server/handler/auth.go:221.2,221.11 1 1
github.com/casapps/caspbx/src/server/handler/auth.go:224.40,226.24 2 1
github.com/casapps/caspbx/src/server/handler/auth.go:226.24,228.3 1 1
github.com/casapps/caspbx/src/server/handler/auth.go:229.2,229.21 1 1
github.com/casapps/caspbx/src/server/handler/auth.go:232.63,236.2 3 1
github.com/casapps/caspbx/src/server/handler/auth.go:238.39,240.29 2 1
github.com/casapps/caspbx/src/server/handler/auth.go:240.29,242.20 2 1
github.com/casapps/caspbx/src/server/handler/auth.go:242.20,244.4 1 1
github.com/casapps/caspbx/src/server/handler/auth.go:246.2,246.24 1 1
github.com/casapps/caspbx/src/server/handler/auth.go:246.24,248.3 1 1
github.com/casapps/caspbx/src/server/handler/auth.go:249.2,249.42 1 1
github.com/casapps/caspbx/src/server/handler/auth.go:252.111,262.2 1 1
github.com/casapps/caspbx/src/server/handler/auth.go:264.76,275.2 1 1
github.com/casapps/caspbx/src/server/handler/auth.go:277.71,278.28 1 1
github.com/casapps/caspbx/src/server/handler/auth.go:279.16,280.14 1 1
github.com/casapps/caspbx/src/server/handler/auth.go:281.15,282.15 1 1
github.com/casapps/caspbx/src/server/handler/auth.go:283.10,284.87 1 1
github.com/casapps/caspbx/src/server/handler/health.go:20.61,21.71 1 1
github.com/casapps/caspbx/src/server/handler/health.go:21.71,22.34 1 1
github.com/casapps/caspbx/src/server/handler/health.go:22.34,24.4 1 1
github.com/casapps/caspbx/src/server/handler/health.go:26.3,26.69 1 1
github.com/casapps/caspbx/src/server/handler/health.go:26.69,30.4 3 1
github.com/casapps/caspbx/src/server/handler/health.go:32.3,32.40 1 1
github.com/casapps/caspbx/src/server/handler/health.go:36.90,37.71 1 1
github.com/casapps/caspbx/src/server/handler/health.go:37.71,38.34 1 1
github.com/casapps/caspbx/src/server/handler/health.go:38.34,40.4 1 1
github.com/casapps/caspbx/src/server/handler/health.go:42.3,42.69 1 1
github.com/casapps/caspbx/src/server/handler/health.go:42.69,46.4 3 1
github.com/casapps/caspbx/src/server/handler/health.go:48.3,52.5 1 1
github.com/casapps/caspbx/src/server/handler/org.go:45.152,52.2 1 1
github.com/casapps/caspbx/src/server/handler/org.go:54.123,60.2 1 1
github.com/casapps/caspbx/src/server/handler/org.go:62.77,63.33 1 1
github.com/casapps/caspbx/src/server/handler/org.go:63.33,65.3 1 0
github.com/casapps/caspbx/src/server/handler/org.go:67.2,68.12 2 1
github.com/casapps/caspbx/src/server/handler/org.go:68.12,71.3 2 0
github.com/casapps/caspbx/src/server/handler/org.go:73.2,74.45 2 1
github.com/casapps/caspbx/src/server/handler/org.go:74.45,76.3 1 1
github.com/casapps/caspbx/src/server/handler/org.go:78.2,78.22 1 1
github.com/casapps/caspbx/src/server/handler/org.go:79.10,80.40 1 1
github.com/casapps/caspbx/src/server/handler/org.go:81.17,82.58 1 1
github.com/casapps/caspbx/src/server/handler/org.go:82.58,85.4 2 0
github.com/casapps/caspbx/src/server/handler/org.go:86.3,86.40 1 1
github.com/casapps/caspbx/src/server/handler/org.go:87.18,88.24 1 1
github.com/casapps/caspbx/src/server/handler/org.go:88.24,91.4 2 0
github.com/casapps/caspbx/src/server/handler/org.go:92.3,92.45 1 1
github.com/casapps/caspbx/src/server/handler/org.go:92.45,95.4 2 0
github.com/casapps/caspbx/src/server/handler/org.go:96.3,96.59 1 1
github.com/casapps/caspbx/src/server/handler/org.go:97.10,98.22 1 0
github.com/casapps/caspbx/src/server/handler/org.go:102.80,103.33 1 1
github.com/casapps/caspbx/src/server/handler/org.go:103.33,105.3 1 0
github.com/casapps/caspbx/src/server/handler/org.go:107.2,108.12 2 1
github.com/casapps/caspbx/src/server/handler/org.go:108.12,111.3 2 0
github.com/casapps/caspbx/src/server/handler/org.go:113.2,114.45 2 1
github.com/casapps/caspbx/src/server/handler/org.go:114.45,116.3 1 1
github.com/casapps/caspbx/src/server/handler/org.go:118.2,118.9 1 1
github.com/casapps/caspbx/src/server/handler/org.go:119.26,120.58 1 0
github.com/casapps/caspbx/src/server/handler/org.go:121.33,122.58 1 1
github.com/casapps/caspbx/src/server/handler/org.go:122.58,125.4 2 0
github.com/casapps/caspbx/src/server/handler/org.go:126.3,126.40 1 1
github.com/casapps/caspbx/src/server/handler/org.go:127.34,128.24 1 1
github.com/casapps/caspbx/src/server/handler/org.go:128.24,131.4 2 0
github.com/casapps/caspbx/src/server/handler/org.go:132.3,132.45 1 1
github.com/casapps/caspbx/src/server/handler/org.go:132.45,135.4 2 0
github.com/casapps/caspbx/src/server/handler/org.go:136.3,136.59 1 1
github.com/casapps/caspbx/src/server/handler/org.go:137.51,138.58 1 1
github.com/casapps/caspbx/src/server/handler/org.go:138.58,141.4 2 0
github.com/casapps/caspbx/src/server/handler/org.go:142.3,142.85 1 1
github.com/casapps/caspbx/src/server/handler/org.go:143.10,144.22 1 0
github.com/casapps/caspbx/src/server/handler/org.go:148.99,149.21 1 1
github.com/casapps/caspbx/src/server/handler/org.go:150.24,151.14 1 1
github.com/casapps/caspbx/src/server/handler/org.go:152.29,153.95 1 0
github.com/casapps/caspbx/src/server/handler/org.go:154.26,155.78 1 0
github.com/casapps/caspbx/src/server/handler/org.go:156.10,157.22 1 1
github.com/casapps/caspbx/src/server/handler/org.go:159.2,159.14 1 1
github.com/casapps/caspbx/src/server/handler/org.go:162.112,164.22 2 1
github.com/casapps/caspbx/src/server/handler/org.go:164.22,166.3 1 0
github.com/casapps/caspbx/src/server/handler/org.go:168.2,174.17 3 1
github.com/casapps/caspbx/src/server/handler/org.go:174.17,177.3 2 1
github.com/casapps/caspbx/src/server/handler/org.go:179.2,179.88 1 1
github.com/casapps/caspbx/src/server/handler/org.go:179.88,181.3 1 1
github.com/casapps/caspbx/src/server/handler/org.go:183.2,183.33 1 1
github.com/casapps/caspbx/src/server/handler/org.go:186.115,188.22 2 1
github.com/casapps/caspbx/src/server/handler/org.go:188.22,190.3 1 0
github.com/casapps/caspbx/src/server/handler/org.go:192.2,198.50 3 1
github.com/casapps/caspbx/src/server/handler/org.go:198.50,201.3 2 1
github.com/casapps/caspbx/src/server/handler/org.go:203.2,203.67 1 1
github.com/casapps/caspbx/src/server/handler/org.go:203.67,205.3 1 1
github.com/casapps/caspbx/src/server/handler/org.go:206.2,206.16 1 1
github.com/casapps/caspbx/src/server/handler/org.go:206.16,207.40 1 1
github.com/casapps/caspbx/src/server/handler/org.go:207.40,209.4 1 0
github.com/casapps/caspbx/src/server/handler/org.go:210.3,210.43 1 1
github.com/casapps/caspbx/src/server/handler/org.go:210.43,212.4 1 1
github.com/casapps/caspbx/src/server/handler/org.go:213.3,213.41 1 0
github.com/casapps/caspbx/src/server/handler/org.go:216.2,216.33 1 1
github.com/casapps/caspbx/src/server/handler/org.go:219.107,221.23 2 1
github.com/casapps/caspbx/src/server/handler/org.go:221.23,223.3 1 1
github.com/casapps/caspbx/src/server/handler/org.go:225.2,226.25 2 1
github.com/casapps/caspbx/src/server/handler/org.go:226.25,228.3 1 0
github.com/casapps/caspbx/src/server/handler/org.go:230.2,231.24 2 1
github.com/casapps/caspbx/src/server/handler/org.go:231.24,233.3 1 0
github.com/casapps/caspbx/src/server/handler/org.go:235.2,235.21 1 1
github.com/casapps/caspbx/src/server/handler/org.go:238.126,240.23 2 1
github.com/casapps/caspbx/src/server/handler/org.go:240.23,242.3 1 1
github.com/casapps/caspbx/src/server/handler/org.go:244.2,244.38 1 1
github.com/casapps/caspbx/src/server/handler/org.go:244.38,246.26 2 1
github.com/casapps/caspbx/src/server/handler/org.go:246.26,248.4 1 0
github.com/casapps/caspbx/src/server/handler/org.go:249.3,249.32 1 1
github.com/casapps/caspbx/src/server/handler/org.go:249.32,251.4 1 0
github.com/casapps/caspbx/src/server/handler/org.go:252.3,256.28 1 1
github.com/casapps/caspbx/src/server/handler/org.go:259.2,260.25 2 1
github.com/casapps/caspbx/src/server/handler/org.go:260.25,262.3 1 0
github.com/casapps/caspbx/src/server/handler/org.go:264.2,265.24 2 1
github.com/casapps/caspbx/src/server/handler/org.go:265.24,267.3 1 0
github.com/casapps/caspbx/src/server/handler/org.go:269.2,269.39 1 1
github.com/casapps/caspbx/src/server/handler/org.go:272.157,274.21 2 1
github.com/casapps/caspbx/src/server/handler/org.go:274.21,276.3 1 0
github.com/casapps/caspbx/src/server/handler/org.go:278.2,279.22 2 1
github.com/casapps/caspbx/src/server/handler/org.go:279.22,281.3 1 1
github.com/casapps/caspbx/src/server/handler/org.go:282.2,282.36 1 0
github.com/casapps/caspbx/src/server/handler/org.go:282.36,284.3 1 0
github.com/casapps/caspbx/src/server/handler/org.go:286.2,289.22 4 0
github.com/casapps/caspbx/src/server/handler/org.go:289.22,291.3 1 0
github.com/casapps/caspbx/src/server/handler/org.go:293.2,293.44 1 0
github.com/casapps/caspbx/src/server/handler/org.go:296.60,298.2 1 1
github.com/casapps/caspbx/src/server/handler/org.go:300.108,301.41 1 1
github.com/casapps/caspbx/src/server/handler/org.go:301.41,304.3 2 0
github.com/casapps/caspbx/src/server/handler/org.go:306.2,314.3 2 1
github.com/casapps/caspbx/src/server/handler/org.go:317.108,319.25 2 1
github.com/casapps/caspbx/src/server/handler/org.go:319.25,322.3 2 0
github.com/casapps/caspbx/src/server/handler/org.go:324.2,324.41 1 1
github.com/casapps/caspbx/src/server/handler/org.go:324.41,327.3 2 1
github.com/casapps/caspbx/src/server/handler/org.go:329.2,330.98 2 0
github.com/casapps/caspbx/src/server/handler/org.go:333.111,335.25 2 1
github.com/casapps/caspbx/src/server/handler/org.go:335.25,338.3 2 0
github.com/casapps/caspbx/src/server/handler/org.go:340.2,340.100 1 1
github.com/casapps/caspbx/src/server/handler/org.go:343.132,345.23 2 1
github.com/casapps/caspbx/src/server/handler/org.go:345.23,348.3 2 0
github.com/casapps/caspbx/src/server/handler/org.go:350.2,351.66 2 1
github.com/casapps/caspbx/src/server/handler/org.go:351.66,354.3 2 0
github.com/casapps/caspbx/src/server/handler/org.go:356.2,357.22 2 1
github.com/casapps/caspbx/src/server/handler/org.go:357.22,360.3 2 0
github.com/casapps/caspbx/src/server/handler/org.go:361.2,361.72 1 1
github.com/casapps/caspbx/src/server/handler/org.go:361.72,364.3 2 0
github.com/casapps/caspbx/src/server/handler/org.go:366.2,366.138 1 1
github.com/casapps/caspbx/src/server/handler/org.go:369.199,371.24 2 1
github.com/casapps/caspbx/src/server/handler/org.go:371.24,373.3 1 0
github.com/casapps/caspbx/src/server/handler/org.go:375.2,376.33 2 1
github.com/casapps/caspbx/src/server/handler/org.go:376.33,378.23 2 1
github.com/casapps/caspbx/src/server/handler/org.go:378.23,379.12 1 0
github.com/casapps/caspbx/src/server/handler/org.go:381.3,381.71 1 1
github.com/casapps/caspbx/src/server/handler/org.go:381.71,382.12 1 1
github.com/casapps/caspbx/src/server/handler/org.go:384.3,384.151 1 1
github.com/casapps/caspbx/src/server/handler/org.go:387.2,387.28 1 1
github.com/casapps/caspbx/src/server/handler/org.go:390.88,396.2 1 1
github.com/casapps/caspbx/src/server/handler/org.go:398.65,413.2 1 0
github.com/casapps/caspbx/src/server/handler/org.go:415.66,444.2 1 1
github.com/casapps/caspbx/src/server/handler/org.go:446.100,456.2 1 1
github.com/casapps/caspbx/src/server/handler/org.go:458.83,460.24 2 1
github.com/casapps/caspbx/src/server/handler/org.go:460.24,462.3 1 0
github.com/casapps/caspbx/src/server/handler/org.go:464.2,465.58 2 1
github.com/casapps/caspbx/src/server/handler/org.go:465.58,467.3 1 0
github.com/casapps/caspbx/src/server/handler/org.go:468.2,468.21 1 1
github.com/casapps/caspbx/src/server/handler/org.go:468.21,470.3 1 1
github.com/casapps/caspbx/src/server/handler/org.go:472.2,472.53 1 1
github.com/casapps/caspbx/src/server/handler/user.go:17.119,23.2 1 1
github.com/casapps/caspbx/src/server/handler/user.go:25.78,26.63 1 1
github.com/casapps/caspbx/src/server/handler/user.go:26.63,29.3 2 1
github.com/casapps/caspbx/src/server/handler/user.go:31.2,32.23 2 1
github.com/casapps/caspbx/src/server/handler/user.go:32.23,35.3 2 1
github.com/casapps/caspbx/src/server/handler/user.go:37.2,38.25 2 1
github.com/casapps/caspbx/src/server/handler/user.go:38.25,42.3 3 1
github.com/casapps/caspbx/src/server/handler/user.go:44.2,45.22 2 1
github.com/casapps/caspbx/src/server/handler/user.go:45.22,48.3 2 1
github.com/casapps/caspbx/src/server/handler/user.go:50.2,50.52 1 1
github.com/casapps/caspbx/src/server/handler/user.go:51.21,52.42 1 1
github.com/casapps/caspbx/src/server/handler/user.go:52.42,62.4 2 1
github.com/casapps/caspbx/src/server/handler/user.go:64.3,65.143 2 1
github.com/casapps/caspbx/src/server/handler/user.go:66.10,67.22 1 1
