mode: set
github.com/casapps/caspbx/src/server/handler/admin.go:19.121,25.2 1 1
github.com/casapps/caspbx/src/server/handler/admin.go:27.79,28.82 1 1
github.com/casapps/caspbx/src/server/handler/admin.go:29.10,30.27 1 1
github.com/casapps/caspbx/src/server/handler/admin.go:31.37,32.30 1 1
github.com/casapps/caspbx/src/server/handler/admin.go:33.58,34.53 1 1
github.com/casapps/caspbx/src/server/handler/admin.go:35.10,36.79 1 1
github.com/casapps/caspbx/src/server/handler/admin.go:36.79,39.4 2 1
github.com/casapps/caspbx/src/server/handler/admin.go:40.3,40.116 1 1
github.com/casapps/caspbx/src/server/handler/admin.go:40.116,43.4 2 1
github.com/casapps/caspbx/src/server/handler/admin.go:44.3,44.22 1 1
github.com/casapps/caspbx/src/server/handler/admin.go:48.80,49.18 1 1
github.com/casapps/caspbx/src/server/handler/admin.go:50.39,52.18 2 1
github.com/casapps/caspbx/src/server/handler/admin.go:52.18,58.4 2 1
github.com/casapps/caspbx/src/server/handler/admin.go:60.3,65.5 1 1
github.com/casapps/caspbx/src/server/handler/admin.go:66.23,68.24 2 1
github.com/casapps/caspbx/src/server/handler/admin.go:68.24,71.4 2 1
github.com/casapps/caspbx/src/server/handler/admin.go:73.3,74.23 2 1
github.com/casapps/caspbx/src/server/handler/admin.go:74.23,77.4 2 1
github.com/casapps/caspbx/src/server/handler/admin.go:79.3,86.5 2 1
github.com/casapps/caspbx/src/server/handler/admin.go:87.10,88.45 1 1
github.com/casapps/caspbx/src/server/handler/admin.go:92.83,93.63 1 1
github.com/casapps/caspbx/src/server/handler/admin.go:93.63,96.3 2 1
github.com/casapps/caspbx/src/server/handler/admin.go:98.2,99.17 2 1
github.com/casapps/caspbx/src/server/handler/admin.go:99.17,102.3 2 1
github.com/casapps/caspbx/src/server/handler/admin.go:104.2,104.41 1 1
github.com/casapps/caspbx/src/server/handler/admin.go:104.41,113.3 2 1
github.com/casapps/caspbx/src/server/handler/admin.go:115.2,116.136 2 1
github.com/casapps/caspbx/src/server/handler/admin.go:119.113,120.63 1 1
github.com/casapps/caspbx/src/server/handler/admin.go:120.63,123.3 2 1
github.com/casapps/caspbx/src/server/handler/admin.go:125.2,126.17 2 1
github.com/casapps/caspbx/src/server/handler/admin.go:126.17,129.3 2 1
github.com/casapps/caspbx/src/server/handler/admin.go:131.2,131.41 1 1
github.com/casapps/caspbx/src/server/handler/admin.go:131.41,139.3 2 1
github.com/casapps/caspbx/src/server/handler/admin.go:141.2,142.80 2 1
github.com/casapps/caspbx/src/server/handler/admin.go:145.94,147.23 2 1
github.com/casapps/caspbx/src/server/handler/admin.go:147.23,149.3 1 1
github.com/casapps/caspbx/src/server/handler/admin.go:151.2,152.25 2 1
github.com/casapps/caspbx/src/server/handler/admin.go:152.25,154.3 1 1
github.com/casapps/caspbx/src/server/handler/admin.go:156.2,157.23 2 1
github.com/casapps/caspbx/src/server/handler/admin.go:157.23,159.3 1 1
github.com/casapps/caspbx/src/server/handler/admin.go:161.2,161.29 1 1
github.com/casapps/caspbx/src/server/handler/api.go:23.113,24.71 1 1
github.com/casapps/caspbx/src/server/handler/api.go:24.71,25.34 1 1
github.com/casapps/caspbx/src/server/handler/api.go:25.34,27.4 1 1
github.com/casapps/caspbx/src/server/handler/api.go:29.3,35.42 2 1
github.com/casapps/caspbx/src/server/handler/api.go:35.42,38.4 2 1
github.com/casapps/caspbx/src/server/handler/api.go:40.3,41.124 2 1
github.com/casapps/caspbx/src/server/handler/api.go:45.69,47.2 1 1
github.com/casapps/caspbx/src/server/handler/api.go:49.77,50.71 1 1
github.com/casapps/caspbx/src/server/handler/api.go:50.71,51.34 1 1
github.com/casapps/caspbx/src/server/handler/api.go:51.34,53.4 1 1
github.com/casapps/caspbx/src/server/handler/api.go:55.3,60.69 2 1
github.com/casapps/caspbx/src/server/handler/api.go:60.69,65.4 4 1
github.com/casapps/caspbx/src/server/handler/api.go:67.3,67.52 1 1
github.com/casapps/caspbx/src/server/handler/api.go:71.72,72.18 1 1
github.com/casapps/caspbx/src/server/handler/api.go:73.39,74.14 1 1
github.com/casapps/caspbx/src/server/handler/api.go:75.10,77.15 2 1
github.com/casapps/caspbx/src/server/handler/api.go:81.66,85.2 3 1
github.com/casapps/caspbx/src/server/handler/api.go:87.44,89.2 1 1
github.com/casapps/caspbx/src/server/handler/api.go:91.82,92.9 1 1
github.com/casapps/caspbx/src/server/handler/api.go:93.46,94.14 1 1
github.com/casapps/caspbx/src/server/handler/api.go:95.52,96.14 1 1
github.com/casapps/caspbx/src/server/handler/api.go:97.58,98.15 1 1
github.com/casapps/caspbx/src/server/handler/api.go:101.2,101.123 1 1
github.com/casapps/caspbx/src/server/handler/api.go:101.123,102.48 1 1
github.com/casapps/caspbx/src/server/handler/api.go:102.48,104.4 1 1
github.com/casapps/caspbx/src/server/handler/api.go:107.2,107.24 1 1
github.com/casapps/caspbx/src/server/handler/api_auth.go:29.131,35.2 1 1
github.com/casapps/caspbx/src/server/handler/api_auth.go:37.90,42.2 1 1
github.com/casapps/caspbx/src/server/handler/api_auth.go:44.91,49.2 1 1
github.com/casapps/caspbx/src/server/handler/api_auth.go:51.81,52.82 1 1
github.com/casapps/caspbx/src/server/handler/api_auth.go:53.15,54.34 1 1
github.com/casapps/caspbx/src/server/handler/api_auth.go:54.34,56.4 1 1
github.com/casapps/caspbx/src/server/handler/api_auth.go:57.3,64.5 1 1
github.com/casapps/caspbx/src/server/handler/api_auth.go:65.15,66.28 1 1
github.com/casapps/caspbx/src/server/handler/api_auth.go:67.18,68.31 1 1
github.com/casapps/caspbx/src/server/handler/api_auth.go:69.16,70.29 1 1
github.com/casapps/caspbx/src/server/handler/api_auth.go:71.17,72.30 1 1
github.com/casapps/caspbx/src/server/handler/api_auth.go:73.142,74.76 1 1
github.com/casapps/caspbx/src/server/handler/api_auth.go:75.10,76.10 1 1
github.com/casapps/caspbx/src/server/handler/api_auth.go:79.45,80.77 1 1
github.com/casapps/caspbx/src/server/handler/api_auth.go:81.11,82.23 1 1
github.com/casapps/caspbx/src/server/handler/api_auth.go:87.83,88.18 1 1
github.com/casapps/caspbx/src/server/handler/api_auth.go:89.39,94.5 1 1
github.com/casapps/caspbx/src/server/handler/api_auth.go:95.23,97.24 2 1
github.com/casapps/caspbx/src/server/handler/api_auth.go:97.24,100.4 2 1
github.com/casapps/caspbx/src/server/handler/api_auth.go:102.3,103.23 2 1
github.com/casapps/caspbx/src/server/handler/api_auth.go:103.23,106.4 2 1
github.com/casapps/caspbx/src/server/handler/api_auth.go:108.3,117.5 1 1
github.com/casapps/caspbx/src/server/handler/api_auth.go:118.10,119.45 1 1
github.com/casapps/caspbx/src/server/handler/api_auth.go:123.86,124.18 1 1
github.com/casapps/caspbx/src/server/handler/api_auth.go:125.39,129.5 1 1
github.com/casapps/caspbx/src/server/handler/api_auth.go:130.23,131.63 1 1
github.com/casapps/caspbx/src/server/handler/api_auth.go:131.63,134.4 2 1
github.com/casapps/caspbx/src/server/handler/api_auth.go:135.3,135.74 1 1
github.com/casapps/caspbx/src/server/handler/api_auth.go:136.10,137.45 1 1
github.com/casapps/caspbx/src/server/handler/api_auth.go:141.84,142.33 1 1
github.com/casapps/caspbx/src/server/handler/api_auth.go:142.33,145.3 2 1
github.com/casapps/caspbx/src/server/handler/api_auth.go:147.2,148.23 2 1
github.com/casapps/caspbx/src/server/handler/api_auth.go:148.23,151.3 2 1
github.com/casapps/caspbx/src/server/handler/api_auth.go:152.2,152.96 1 1
github.com/casapps/caspbx/src/server/handler/api_auth.go:152.96,155.3 2 1
github.com/casapps/caspbx/src/server/handler/api_auth.go:157.2,157.72 1 1
github.com/casapps/caspbx/src/server/handler/api_auth.go:160.85,161.33 1 1
github.com/casapps/caspbx/src/server/handler/api_auth.go:161.33,164.3 2 1
github.com/casapps/caspbx/src/server/handler/api_auth.go:166.2,167.23 2 1
github.com/casapps/caspbx/src/server/handler/api_auth.go:167.23,170.3 2 1
github.com/casapps/caspbx/src/server/handler/api_auth.go:172.2,173.25 2 1
github.com/casapps/caspbx/src/server/handler/api_auth.go:173.25,176.3 2 1
github.com/casapps/caspbx/src/server/handler/api_auth.go:178.2,185.4 1 1
github.com/casapps/caspbx/src/server/handler/api_auth.go:188.81,189.63 1 1
github.com/casapps/caspbx/src/server/handler/api_auth.go:189.63,192.3 2 1
github.com/casapps/caspbx/src/server/handler/api_auth.go:194.2,195.17 2 1
github.com/casapps/caspbx/src/server/handler/api_auth.go:195.17,198.3 2 1
github.com/casapps/caspbx/src/server/handler/api_auth.go:200.2,200.52 1 1
github.com/casapps/caspbx/src/server/handler/api_auth.go:201.21,210.5 1 1
github.com/casapps/caspbx/src/server/handler/api_auth.go:211.10,212.22 1 1
github.com/casapps/caspbx/src/server/handler/api_auth.go:216.82,217.82 1 1
github.com/casapps/caspbx/src/server/handler/api_auth.go:218.10,219.27 1 1
github.com/casapps/caspbx/src/server/handler/api_auth.go:220.37,221.30 1 1
github.com/casapps/caspbx/src/server/handler/api_auth.go:222.58,223.53 1 1
github.com/casapps/caspbx/src/server/handler/api_auth.go:224.10,225.79 1 1
github.com/casapps/caspbx/src/server/handler/api_auth.go:225.79,228.4 2 1
github.com/casapps/caspbx/src/server/handler/api_auth.go:229.3,229.116 1 1
github.com/casapps/caspbx/src/server/handler/api_auth.go:229.116,232.4 2 1
github.com/casapps/caspbx/src/server/handler/api_auth.go:233.3,233.22 1 1
github.com/casapps/caspbx/src/server/handler/api_auth.go:237.83,238.33 1 1
github.com/casapps/caspbx/src/server/handler/api_auth.go:238.33,240.3 1 1
github.com/casapps/caspbx/src/server/handler/api_auth.go:242.2,243.17 2 1
github.com/casapps/caspbx/src/server/handler/api_auth.go:243.17,246.3 2 1
github.com/casapps/caspbx/src/server/handler/api_auth.go:248.2,255.4 1 1
github.com/casapps/caspbx/src/server/handler/api_auth.go:258.86,259.33 1 1
github.com/casapps/caspbx/src/server/handler/api_auth.go:259.33,261.3 1 1
github.com/casapps/caspbx/src/server/handler/api_auth.go:263.2,264.17 2 1
github.com/casapps/caspbx/src/server/handler/api_auth.go:264.17,267.3 2 1
github.com/casapps/caspbx/src/server/handler/api_auth.go:269.2,276.4 1 1
github.com/casapps/caspbx/src/server/handler/api_auth.go:279.116,280.33 1 1
github.com/casapps/caspbx/src/server/handler/api_auth.go:280.33,282.3 1 1
github.com/casapps/caspbx/src/server/handler/api_auth.go:284.2,285.17 2 1
github.com/casapps/caspbx/src/server/handler/api_auth.go:285.17,288.3 2 1
github.com/casapps/caspbx/src/server/handler/api_auth.go:290.2,296.4 1 1
github.com/casapps/caspbx/src/server/handler/api_auth.go:299.95,301.23 2 1
github.com/casapps/caspbx/src/server/handler/api_auth.go:301.23,303.3 1 1
github.com/casapps/caspbx/src/server/handler/api_auth.go:305.2,306.25 2 1
github.com/casapps/caspbx/src/server/handler/api_auth.go:306.25,308.3 1 1
github.com/casapps/caspbx/src/server/handler/api_auth.go:310.2,311.23 2 1
github.com/casapps/caspbx/src/server/handler/api_auth.go:311.23,313.3 1 1
github.com/casapps/caspbx/src/server/handler/api_auth.go:315.2,315.33 1 1
github.com/casapps/caspbx/src/server/handler/api_auth.go:318.92,320.23 2 1
github.com/casapps/caspbx/src/server/handler/api_auth.go:320.23,322.3 1 1
github.com/casapps/caspbx/src/server/handler/api_auth.go:324.2,325.25 2 1
github.com/casapps/caspbx/src/server/handler/api_auth.go:325.25,327.3 1 1
github.com/casapps/caspbx/src/server/handler/api_auth.go:329.2,330.22 2 1
github.com/casapps/caspbx/src/server/handler/api_auth.go:330.22,332.3 1 1
github.com/casapps/caspbx/src/server/handler/api_auth.go:334.2,334.32 1 1
github.com/casapps/caspbx/src/server/handler/api_auth.go:337.55,339.25 2 1
github.com/casapps/caspbx/src/server/handler/api_auth.go:339.25,341.3 1 1
github.com/casapps/caspbx/src/server/handler/api_auth.go:343.2,344.105 2 1
github.com/casapps/caspbx/src/server/handler/api_auth.go:344.105,346.3 1 1
github.com/casapps/caspbx/src/server/handler/api_auth.go:348.2,348.38 1 1
github.com/casapps/caspbx/src/server/handler/api_auth.go:351.86,352.94 1 1
github.com/casapps/caspbx/src/server/handler/api_auth.go:352.94,355.3 2 1
github.com/casapps/caspbx/src/server/handler/api_auth.go:357.2,360.4 1 1
github.com/casapps/caspbx/src/server/handler/api_auth.go:363.49,364.20 1 1
github.com/casapps/caspbx/src/server/handler/api_auth.go:364.20,366.3 1 1
github.com/casapps/caspbx/src/server/handler/api_auth.go:367.2,367.41 1 1
github.com/casapps/caspbx/src/server/handler/auth.go:36.160,43.2 1 1
github.com/casapps/caspbx/src/server/handler/auth.go:45.78,46.52 1 1
github.com/casapps/caspbx/src/server/handler/auth.go:47.15,48.30 1 1
github.com/casapps/caspbx/src/server/handler/auth.go:49.15,50.28 1 1
github.com/casapps/caspbx/src/server/handler/auth.go:51.18,52.31 1 1
github.com/casapps/caspbx/src/server/handler/auth.go:53.16,54.29 1 1
github.com/casapps/caspbx/src/server/handler/auth.go:55.17,56.30 1 1
github.com/casapps/caspbx/src/server/handler/auth.go:57.10,58.22 1 1
github.com/casapps/caspbx/src/server/handler/auth.go:62.82,63.33 1 1
github.com/casapps/caspbx/src/server/handler/auth.go:63.33,65.3 1 1
github.com/casapps/caspbx/src/server/handler/auth.go:67.2,74.41 2 1
github.com/casapps/caspbx/src/server/handler/auth.go:74.41,77.3 2 1
github.com/casapps/caspbx/src/server/handler/auth.go:79.2,80.175 2 1
github.com/casapps/caspbx/src/server/handler/auth.go:83.80,84.18 1 1
github.com/casapps/caspbx/src/server/handler/auth.go:85.39,91.42 2 1
github.com/casapps/caspbx/src/server/handler/auth.go:91.42,94.4 2 1
github.com/casapps/caspbx/src/server/handler/auth.go:95.3,96.79 2 1
github.com/casapps/caspbx/src/server/handler/auth.go:97.23,99.24 2 1
github.com/casapps/caspbx/src/server/handler/auth.go:99.24,102.4 2 1
github.com/casapps/caspbx/src/server/handler/auth.go:104.3,105.23 2 1
github.com/casapps/caspbx/src/server/handler/auth.go:105.23,108.4 2 1
github.com/casapps/caspbx/src/server/handler/auth.go:110.3,117.5 2 1
github.com/casapps/caspbx/src/server/handler/auth.go:118.10,119.45 1 1
github.com/casapps/caspbx/src/server/handler/auth.go:123.83,124.18 1 1
github.com/casapps/caspbx/src/server/handler/auth.go:125.39,129.5 1 1
github.com/casapps/caspbx/src/server/handler/auth.go:130.23,131.63 1 1
github.com/casapps/caspbx/src/server/handler/auth.go:131.63,134.4 2 1
github.com/casapps/caspbx/src/server/handler/auth.go:135.3,135.111 1 1
github.com/casapps/caspbx/src/server/handler/auth.go:136.10,137.45 1 1
github.com/casapps/caspbx/src/server/handler/auth.go:141.81,142.33 1 1
github.com/casapps/caspbx/src/server/handler/auth.go:142.33,145.3 2 1
github.com/casapps/caspbx/src/server/handler/auth.go:147.2,148.23 2 1
github.com/casapps/caspbx/src/server/handler/auth.go:148.23,151.3 2 1
github.com/casapps/caspbx/src/server/handler/auth.go:152.2,152.98 1 1
github.com/casapps/caspbx/src/server/handler/auth.go:152.98,155.3 2 1
github.com/casapps/caspbx/src/server/handler/auth.go:157.2,158.72 2 1
github.com/casapps/caspbx/src/server/handler/auth.go:161.82,162.33 1 1
github.com/casapps/caspbx/src/server/handler/auth.go:162.33,165.3 2 1
github.com/casapps/caspbx/src/server/handler/auth.go:167.2,168.23 2 1
github.com/casapps/caspbx/src/server/handler/auth.go:168.23,171.3 2 1
github.com/casapps/caspbx/src/server/handler/auth.go:173.2,174.25 2 1
github.com/casapps/caspbx/src/server/handler/auth.go:174.25,178.3 3 1
github.com/casapps/caspbx/src/server/handler/auth.go:180.2,185.4 2 1
github.com/casapps/caspbx/src/server/handler/auth.go:188.70,189.72 1 1
github.com/casapps/caspbx/src/server/handler/auth.go:189.72,191.86 2 1
github.com/casapps/caspbx/src/server/handler/auth.go:191.86,193.4 1 1
github.com/casapps/caspbx/src/server/handler/auth.go:194.3,194.26 1 1
github.com/casapps/caspbx/src/server/handler/auth.go:197.2,197.52 1 1
github.com/casapps/caspbx/src/server/handler/auth.go:197.52,199.3 1 1
github.com/casapps/caspbx/src/server/handler/auth.go:200.2,204.8 1 1
github.com/casapps/caspbx/src/server/handler/auth.go:207.76,209.65 2 1
github.com/casapps/caspbx/src/server/handler/auth.go:209.65,211.3 1 1
github.com/casapps/caspbx/src/server/handler/auth.go:212.2,212.26 1 1
github.com/casapps/caspbx/src/server/handler/auth.go:215.45,216.31 1 1
github.com/casapps/caspbx/src/server/handler/auth.go:216.31,217.37 1 1
github.com/casapps/caspbx/src/server/handler/auth.go:217.37,219.4 1 1
github.com/casapps/caspbx/src/server/handler/auth.go:221.2,221.11 1 1
github.com/casapps/caspbx/src/server/handler/auth.go:224.40,226.24 2 1
github.com/casapps/caspbx/src/server/handler/auth.go:226.24,228.3 1 1
github.com/casapps/caspbx/src/server/handler/auth.go:229.2,229.21 1 1
github.com/casapps/caspbx/src/server/handler/auth.go:232.63,236.2 3 1
github.com/casapps/caspbx/src/server/handler/auth.go:238.39,240.29 2 1
github.com/casapps/caspbx/src/server/handler/auth.go:240.29,242.20 2 1
github.com/casapps/caspbx/src/server/handler/auth.go:242.20,244.4 1 1
github.com/casapps/caspbx/src/server/handler/auth.go:246.2,246.24 1 1
github.com/casapps/caspbx/src/server/handler/auth.go:246.24,248.3 1 1
github.com/casapps/caspbx/src/server/handler/auth.go:249.2,249.42 1 1
github.com/casapps/caspbx/src/server/handler/auth.go:252.111,262.2 1 1
github.com/casapps/caspbx/src/server/handler/auth.go:264.76,275.2 1 1
github.com/casapps/caspbx/src/server/handler/auth.go:277.71,278.28 1 1
github.com/casapps/caspbx/src/server/handler/auth.go:279.16,280.14 1 1
github.com/casapps/caspbx/src/server/handler/auth.go:281.15,282.15 1 1
github.com/casapps/caspbx/src/server/handler/auth.go:283.10,284.87 1 1
github.com/casapps/caspbx/src/server/handler/health.go:20.61,21.71 1 1
github.com/casapps/caspbx/src/server/handler/health.go:21.71,22.34 1 1
github.com/casapps/caspbx/src/server/handler/health.go:22.34,24.4 1 1
github.com/casapps/caspbx/src/server/handler/health.go:26.3,26.69 1 1
github.com/casapps/caspbx/src/server/handler/health.go:26.69,30.4 3 1
github.com/casapps/caspbx/src/server/handler/health.go:32.3,32.40 1 1
github.com/casapps/caspbx/src/server/handler/health.go:36.90,37.71 1 1
github.com/casapps/caspbx/src/server/handler/health.go:37.71,38.34 1 1
github.com/casapps/caspbx/src/server/handler/health.go:38.34,40.4 1 1
github.com/casapps/caspbx/src/server/handler/health.go:42.3,42.69 1 1
github.com/casapps/caspbx/src/server/handler/health.go:42.69,46.4 3 1
github.com/casapps/caspbx/src/server/handler/health.go:48.3,52.5 1 1
github.com/casapps/caspbx/src/server/handler/org.go:45.152,52.2 1 1
github.com/casapps/caspbx/src/server/handler/org.go:54.123,60.2 1 1
github.com/casapps/caspbx/src/server/handler/org.go:62.77,63.33 1 1
github.com/casapps/caspbx/src/server/handler/org.go:63.33,65.3 1 1
github.com/casapps/caspbx/src/server/handler/org.go:67.2,68.12 2 1
github.com/casapps/caspbx/src/server/handler/org.go:68.12,71.3 2 1
github.com/casapps/caspbx/src/server/handler/org.go:73.2,74.45 2 1
github.com/casapps/caspbx/src/server/handler/org.go:74.45,76.3 1 1
github.com/casapps/caspbx/src/server/handler/org.go:78.2,78.22 1 1
github.com/casapps/caspbx/src/server/handler/org.go:79.10,80.40 1 1
github.com/casapps/caspbx/src/server/handler/org.go:81.17,82.58 1 1
github.com/casapps/caspbx/src/server/handler/org.go:82.58,85.4 2 0
github.com/casapps/caspbx/src/server/handler/org.go:86.3,86.40 1 1
github.com/casapps/caspbx/src/server/handler/org.go:87.18,88.24 1 1
github.com/casapps/caspbx/src/server/handler/org.go:88.24,91.4 2 0
github.com/casapps/caspbx/src/server/handler/org.go:92.3,92.45 1 1
github.com/casapps/caspbx/src/server/handler/org.go:92.45,95.4 2 1
github.com/casapps/caspbx/src/server/handler/org.go:96.3,96.59 1 1
github.com/casapps/caspbx/src/server/handler/org.go:97.10,98.22 1 0
github.com/casapps/caspbx/src/server/handler/org.go:102.80,103.33 1 1
github.com/casapps/caspbx/src/server/handler/org.go:103.33,105.3 1 1
github.com/casapps/caspbx/src/server/handler/org.go:107.2,108.12 2 1
github.com/casapps/caspbx/src/server/handler/org.go:108.12,111.3 2 0
github.com/casapps/caspbx/src/server/handler/org.go:113.2,114.45 2 1
github.com/casapps/caspbx/src/server/handler/org.go:114.45,116.3 1 1
github.com/casapps/caspbx/src/server/handler/org.go:118.2,118.9 1 1
github.com/casapps/caspbx/src/server/handler/org.go:119.26,120.58 1 1
github.com/casapps/caspbx/src/server/handler/org.go:121.33,122.58 1 1
github.com/casapps/caspbx/src/server/handler/org.go:122.58,125.4 2 0
github.com/casapps/caspbx/src/server/handler/org.go:126.3,126.40 1 1
github.com/casapps/caspbx/src/server/handler/org.go:127.34,128.24 1 1
github.com/casapps/caspbx/src/server/handler/org.go:128.24,131.4 2 0
github.com/casapps/caspbx/src/server/handler/org.go:132.3,132.45 1 1
github.com/casapps/caspbx/src/server/handler/org.go:132.45,135.4 2 0
github.com/casapps/caspbx/src/server/handler/org.go:136.3,136.59 1 1
github.com/casapps/caspbx/src/server/handler/org.go:137.51,138.58 1 1
github.com/casapps/caspbx/src/server/handler/org.go:138.58,141.4 2 0
github.com/casapps/caspbx/src/server/handler/org.go:142.3,142.85 1 1
github.com/casapps/caspbx/src/server/handler/org.go:143.10,144.22 1 0
github.com/casapps/caspbx/src/server/handler/org.go:148.99,149.21 1 1
github.com/casapps/caspbx/src/server/handler/org.go:150.24,151.14 1 1
github.com/casapps/caspbx/src/server/handler/org.go:152.29,153.95 1 1
github.com/casapps/caspbx/src/server/handler/org.go:154.26,155.78 1 1
github.com/casapps/caspbx/src/server/handler/org.go:156.10,157.22 1 1
github.com/casapps/caspbx/src/server/handler/org.go:159.2,159.14 1 1
github.com/casapps/caspbx/src/server/handler/org.go:162.112,164.22 2 1
github.com/casapps/caspbx/src/server/handler/org.go:164.22,166.3 1 1
github.com/casapps/caspbx/src/server/handler/org.go:168.2,174.17 3 1
github.com/casapps/caspbx/src/server/handler/org.go:174.17,177.3 2 1
github.com/casapps/caspbx/src/server/handler/org.go:179.2,179.88 1 1
github.com/casapps/caspbx/src/server/handler/org.go:179.88,181.3 1 1
github.com/casapps/caspbx/src/server/handler/org.go:183.2,183.33 1 1
github.com/casapps/caspbx/src/server/handler/org.go:186.115,188.22 2 1
github.com/casapps/caspbx/src/server/handler/org.go:188.22,190.3 1 0
github.com/casapps/caspbx/src/server/handler/org.go:192.2,198.50 3 1
github.com/casapps/caspbx/src/server/handler/org.go:198.50,201.3 2 1
github.com/casapps/caspbx/src/server/handler/org.go:203.2,203.67 1 1
github.com/casapps/caspbx/src/server/handler/org.go:203.67,205.3 1 1
github.com/casapps/caspbx/src/server/handler/org.go:206.2,206.16 1 1
github.com/casapps/caspbx/src/server/handler/org.go:206.16,207.40 1 1
github.com/casapps/caspbx/src/server/handler/org.go:207.40,209.4 1 1
github.com/casapps/caspbx/src/server/handler/org.go:210.3,210.43 1 1
github.com/casapps/caspbx/src/server/handler/org.go:210.43,212.4 1 1
github.com/casapps/caspbx/src/server/handler/org.go:213.3,213.41 1 0
github.com/casapps/caspbx/src/server/handler/org.go:216.2,216.33 1 1
github.com/casapps/caspbx/src/server/handler/org.go:219.107,221.23 2 1
github.com/casapps/caspbx/src/server/handler/org.go:221.23,223.3 1 1
github.com/casapps/caspbx/src/server/handler/org.go:225.2,226.25 2 1
github.com/casapps/caspbx/src/server/handler/org.go:226.25,228.3 1 1
github.com/casapps/caspbx/src/server/handler/org.go:230.2,231.24 2 1
github.com/casapps/caspbx/src/server/handler/org.go:231.24,233.3 1 0
github.com/casapps/caspbx/src/server/handler/org.go:235.2,235.21 1 1
github.com/casapps/caspbx/src/server/handler/org.go:238.126,240.23 2 1
github.com/casapps/caspbx/src/server/handler/org.go:240.23,242.3 1 1
github.com/casapps/caspbx/src/server/handler/org.go:244.2,244.38 1 1
github.com/casapps/caspbx/src/server/handler/org.go:244.38,246.26 2 1
github.com/casapps/caspbx/src/server/handler/org.go:246.26,248.4 1 0
github.com/casapps/caspbx/src/server/handler/org.go:249.3,249.32 1 1
github.com/casapps/caspbx/src/server/handler/org.go:249.32,251.4 1 1
github.com/casapps/caspbx/src/server/handler/org.go:252.3,256.28 1 1
github.com/casapps/caspbx/src/server/handler/org.go:259.2,260.25 2 1
github.com/casapps/caspbx/src/server/handler/org.go:260.25,262.3 1 1
github.com/casapps/caspbx/src/server/handler/org.go:264.2,265.24 2 1
github.com/casapps/caspbx/src/server/handler/org.go:265.24,267.3 1 0
github.com/casapps/caspbx/src/server/handler/org.go:269.2,269.39 1 1
github.com/casapps/caspbx/src/server/handler/org.go:272.157,274.21 2 1
github.com/casapps/caspbx/src/server/handler/org.go:274.21,276.3 1 1
github.com/casapps/caspbx/src/server/handler/org.go:278.2,279.22 2 1
github.com/casapps/caspbx/src/server/handler/org.go:279.22,281.3 1 1
github.com/casapps/caspbx/src/server/handler/org.go:282.2,282.36 1 1
github.com/casapps/caspbx/src/server/handler/org.go:282.36,284.3 1 1
github.com/casapps/caspbx/src/server/handler/org.go:286.2,289.22 4 1
github.com/casapps/caspbx/src/server/handler/org.go:289.22,291.3 1 0
github.com/casapps/caspbx/src/server/handler/org.go:293.2,293.44 1 1
github.com/casapps/caspbx/src/server/handler/org.go:296.60,298.2 1 1
github.com/casapps/caspbx/src/server/handler/org.go:300.108,301.41 1 1
github.com/casapps/caspbx/src/server/handler/org.go:301.41,304.3 2 1
github.com/casapps/caspbx/src/server/handler/org.go:306.2,314.3 2 1
github.com/casapps/caspbx/src/server/handler/org.go:317.108,319.25 2 1
github.com/casapps/caspbx/src/server/handler/org.go:319.25,322.3 2 1
github.com/casapps/caspbx/src/server/handler/org.go:324.2,324.41 1 1
github.com/casapps/caspbx/src/server/handler/org.go:324.41,327.3 2 1
github.com/casapps/caspbx/src/server/handler/org.go:329.2,330.98 2 0
github.com/casapps/caspbx/src/server/handler/org.go:333.111,335.25 2 1
github.com/casapps/caspbx/src/server/handler/org.go:335.25,338.3 2 0
github.com/casapps/caspbx/src/server/handler/org.go:340.2,340.100 1 1
github.com/casapps/caspbx/src/server/handler/org.go:343.132,345.23 2 1
github.com/casapps/caspbx/src/server/handler/org.go:345.23,348.3 2 1
github.com/casapps/caspbx/src/server/handler/org.go:350.2,351.66 2 1
github.com/casapps/caspbx/src/server/handler/org.go:351.66,354.3 2 0
github.com/casapps/caspbx/src/server/handler/org.go:356.2,357.22 2 1
github.com/casapps/caspbx/src/server/handler/org.go:357.22,360.3 2 0
github.com/casapps/caspbx/src/server/handler/org.go:361.2,361.72 1 1
github.com/casapps/caspbx/src/server/handler/org.go:361.72,364.3 2 1
github.com/casapps/caspbx/src/server/handler/org.go:366.2,366.138 1 1
github.com/casapps/caspbx/src/server/handler/org.go:369.199,371.24 2 1
github.com/casapps/caspbx/src/server/handler/org.go:371.24,373.3 1 1
github.com/casapps/caspbx/src/server/handler/org.go:375.2,376.33 2 1
github.com/casapps/caspbx/src/server/handler/org.go:376.33,378.23 2 1
github.com/casapps/caspbx/src/server/handler/org.go:378.23,379.12 1 1
github.com/casapps/caspbx/src/server/handler/org.go:381.3,381.71 1 1
github.com/casapps/caspbx/src/server/handler/org.go:381.71,382.12 1 1
github.com/casapps/caspbx/src/server/handler/org.go:384.3,384.151 1 1
github.com/casapps/caspbx/src/server/handler/org.go:387.2,387.28 1 1
github.com/casapps/caspbx/src/server/handler/org.go:390.88,396.2 1 1
github.com/casapps/caspbx/src/server/handler/org.go:398.65,413.2 1 1
github.com/casapps/caspbx/src/server/handler/org.go:415.66,444.2 1 1
github.com/casapps/caspbx/src/server/handler/org.go:446.100,456.2 1 1
github.com/casapps/caspbx/src/server/handler/org.go:458.83,460.24 2 1
github.com/casapps/caspbx/src/server/handler/org.go:460.24,462.3 1 1
github.com/casapps/caspbx/src/server/handler/org.go:464.2,465.58 2 1
github.com/casapps/caspbx/src/server/handler/org.go:465.58,467.3 1 0
github.com/casapps/caspbx/src/server/handler/org.go:468.2,468.21 1 1
github.com/casapps/caspbx/src/server/handler/org.go:468.21,470.3 1 1
github.com/casapps/caspbx/src/server/handler/org.go:472.2,472.53 1 1
github.com/casapps/caspbx/src/server/handler/user.go:17.119,23.2 1 1
github.com/casapps/caspbx/src/server/handler/user.go:25.78,26.63 1 1
github.com/casapps/caspbx/src/server/handler/user.go:26.63,29.3 2 1
github.com/casapps/caspbx/src/server/handler/user.go:31.2,32.23 2 1
github.com/casapps/caspbx/src/server/handler/user.go:32.23,35.3 2 1
github.com/casapps/caspbx/src/server/handler/user.go:37.2,38.25 2 1
github.com/casapps/caspbx/src/server/handler/user.go:38.25,42.3 3 1
github.com/casapps/caspbx/src/server/handler/user.go:44.2,45.22 2 1
github.com/casapps/caspbx/src/server/handler/user.go:45.22,48.3 2 1
github.com/casapps/caspbx/src/server/handler/user.go:50.2,50.52 1 1
github.com/casapps/caspbx/src/server/handler/user.go:51.21,52.42 1 1
github.com/casapps/caspbx/src/server/handler/user.go:52.42,62.4 2 1
github.com/casapps/caspbx/src/server/handler/user.go:64.3,65.143 2 1
github.com/casapps/caspbx/src/server/handler/user.go:66.10,67.22 1 1
